This file contains any messages produced by compilers while
running configure, to aid debugging if configure makes a mistake.

It was created by configure, which was
generated by GNU Autoconf 2.52.20170501.  Invocation command line was

  $ ./configure --prefix=/home/funera1/repo/ncurses-6.1/build

## ---------- ##
## Platform.  ##
## ---------- ##

hostname = pop-os
uname -m = x86_64
uname -r = 6.8.0-76060800daily20240311-generic
uname -s = Linux
uname -v = #202403110203~1714077665~22.04~4c8e9a0 SMP PREEMPT_DYNAMIC Thu A

/usr/bin/uname -p = x86_64
/bin/uname -X     = unknown

/bin/arch              = x86_64
/usr/bin/arch -k       = unknown
/usr/convex/getsysinfo = unknown
hostinfo               = unknown
/bin/machine           = unknown
/usr/bin/oslevel       = unknown
/bin/universe          = unknown

PATH = /home/funera1/repo/emsdk/upstream/emscripten/cache/sysroot/bin:/home/funera1/.asdf/shims:/home/funera1/.asdf/bin:/opt/wasi-sdk:/home/funera1/repo/wasm-micro-runtime/product-mini/platforms/linux/build:/home/funera1/repo/wasm-micro-runtime/wamr-compiler/build:/home/funera1/repo/swift-5.8-RELEASE-ubuntu22.04/usr/bin:/home/funera1/.cargo/bin:/opt/android-studio/bin:/home/funera1/.cabal/bin:/home/funera1/.ghcup/bin:/usr/local/bin:/usr/sbin:/usr/bin:/bin:/opt/jadx/bin:/home/funera1/repo/emsdk:/home/funera1/repo/emsdk/upstream/emscripten:/home/funera1/google-cloud-sdk/bin:/home/funera1/.cabal/bin:/home/funera1/.ghcup/bin:/usr/local/bin:/usr/sbin:/usr/bin:/bin:/opt/jadx/bin:/home/funera1/.local/bin:/home/funera1/bin:/usr/local/sbin:/sbin:/usr/games:/usr/local/games:/snap/bin:/usr/local/go/bin:/home/funera1/go/bin:/home/funera1/go/bin

## ------------ ##
## Core tests.  ##
## ------------ ##

configure:1134: PATH=".;."; conftest.sh
./configure: 1135: conftest.sh: not found
configure:1137: $? = 127
configure:1150: checking for egrep
configure:1160: result: grep -E
configure:1174: result: Configuring NCURSES 6.1 ABI 6 (Wed May 22 13:18:27 JST 2024)
configure:1178: checking for package version
configure:1199: result: 6.0
configure:1202: checking for package patch date
configure:1219: result: 20180127
configure:1230: testing ABI VERSION 5:0:9 ...
configure:1234: testing VERSION_MAJOR 6 ...
configure:1238: testing VERSION_MINOR 0 ...
configure:1242: testing VERSION_PATCH 20180127 ...
configure:1384: checking build system type
configure:1402: result: x86_64-pc-linux-gnu
configure:1409: checking host system type
configure:1423: result: x86_64-pc-linux-gnu
configure:1431: checking target system type
configure:1445: result: x86_64-pc-linux-gnu
configure:1477: result: Configuring for linux-gnu
configure:1503: checking for prefix
configure:1515: result: /home/funera1/repo/ncurses-6.1/build
configure:1684: checking for C compiler version
configure:1687: /home/funera1/repo/emsdk/upstream/emscripten/emcc --version </dev/null >&5
emcc (Emscripten gcc/clang-like replacement + linker emulating GNU ld) 3.1.60 (42a6ea2052f19f70d7d994e8c324bcad2f1f8939)
Copyright (C) 2014 the Emscripten authors (see AUTHORS.txt)
This is free and open source software under the MIT license.
There is NO warranty; not even for MERCHANTABILITY or FITNESS FOR A PARTICULAR PURPOSE.

configure:1690: $? = 0
configure:1692: /home/funera1/repo/emsdk/upstream/emscripten/emcc -v </dev/null >&5
emcc (Emscripten gcc/clang-like replacement + linker emulating GNU ld) 3.1.60 (42a6ea2052f19f70d7d994e8c324bcad2f1f8939)
clang version 19.0.0git (https:/github.com/llvm/llvm-project bc9823cf60bf91cc8b45248c4205cd2c67b2a3d5)
Target: wasm32-unknown-emscripten
Thread model: posix
InstalledDir: /home/funera1/repo/emsdk/upstream/bin
configure:1695: $? = 0
configure:1697: /home/funera1/repo/emsdk/upstream/emscripten/emcc -V </dev/null >&5
emcc: error: no input files
configure:1700: $? = 1
configure:1720: checking for C compiler default output
configure:1723: /home/funera1/repo/emsdk/upstream/emscripten/emcc    conftest.c  >&5
cache:INFO: generating system asset: symbol_lists/6cfd033a1264ac449ed40dbec6eaed9145f788bd.json... (this will be cached in "/home/funera1/repo/emsdk/upstream/emscripten/cache/symbol_lists/6cfd033a1264ac449ed40dbec6eaed9145f788bd.json" for subsequent builds)
cache:INFO:  - ok
configure:1726: $? = 0
configure:1755: result: a.out
configure:1760: checking whether the C compiler works
configure:1766: ./a.out
configure:1769: $? = 0
configure:1784: result: yes
configure:1791: checking whether we are cross compiling
configure:1793: result: no
configure:1796: checking for executable suffix
configure:1798: /home/funera1/repo/emsdk/upstream/emscripten/emcc -o conftest    conftest.c  >&5
configure:1801: $? = 0
configure:1823: result: 
configure:1829: checking for object suffix
configure:1847: /home/funera1/repo/emsdk/upstream/emscripten/emcc -c   conftest.c >&5
configure:1850: $? = 0
configure:1869: result: o
configure:1873: checking whether we are using the GNU C compiler
configure:1894: /home/funera1/repo/emsdk/upstream/emscripten/emcc -c   conftest.c >&5
configure:1897: $? = 0
configure:1900: test -s conftest.o
configure:1903: $? = 0
configure:1915: result: yes
configure:1921: checking whether /home/funera1/repo/emsdk/upstream/emscripten/emcc accepts -g
configure:1939: /home/funera1/repo/emsdk/upstream/emscripten/emcc -c -g  conftest.c >&5
configure:1942: $? = 0
configure:1945: test -s conftest.o
configure:1948: $? = 0
configure:1958: result: yes
configure:1985: /home/funera1/repo/emsdk/upstream/emscripten/emcc -c -g -O2  conftest.c >&5
conftest.c:2:3: error: unknown type name 'choke'
    2 |   choke me
      |   ^
conftest.c:2:11: error: expected ';' after top level declarator
    2 |   choke me
      |           ^
      |           ;
2 errors generated.
configure:1988: $? = 1
configure: failed program was:
#ifndef __cplusplus
  choke me
#endif
configure:2089: checking version of /home/funera1/repo/emsdk/upstream/emscripten/emcc
configure:2093: result: 3.1.60
configure:2097: checking for /home/funera1/repo/emsdk/upstream/emscripten/emcc option to accept ANSI C
configure:2154: /home/funera1/repo/emsdk/upstream/emscripten/emcc  -c -g -O2  conftest.c >&5
configure:2113:14: warning: a function definition without a prototype is deprecated in all versions of C and is not supported in C23 [-Wdeprecated-non-prototype]
 2113 | static char *e (p, i)
      |              ^
1 warning generated.
configure:2157: $? = 0
configure:2160: test -s conftest.o
configure:2163: $? = 0
configure:2180: result: none needed
configure:2191: checking $CC variable
configure:2326: result: ok
configure:2337: checking how to run the C preprocessor
configure:2363: /home/funera1/repo/emsdk/upstream/emscripten/emcc -E  conftest.c
configure:2369: $? = 0
configure:2396: /home/funera1/repo/emsdk/upstream/emscripten/emcc -E  conftest.c
configure:2393:10: fatal error: 'ac_nonexistent.h' file not found
 2393 | #include <ac_nonexistent.h>
      |          ^~~~~~~~~~~~~~~~~~
1 error generated.
configure:2402: $? = 1
configure: failed program was:
#line 2392 "configure"
#include "confdefs.h"
#include <ac_nonexistent.h>
configure:2439: result: /home/funera1/repo/emsdk/upstream/emscripten/emcc -E
configure:2454: /home/funera1/repo/emsdk/upstream/emscripten/emcc -E  conftest.c
configure:2460: $? = 0
configure:2487: /home/funera1/repo/emsdk/upstream/emscripten/emcc -E  conftest.c
configure:2484:10: fatal error: 'ac_nonexistent.h' file not found
 2484 | #include <ac_nonexistent.h>
      |          ^~~~~~~~~~~~~~~~~~
1 error generated.
configure:2493: $? = 1
configure: failed program was:
#line 2483 "configure"
#include "confdefs.h"
#include <ac_nonexistent.h>
configure:2534: checking whether /home/funera1/repo/emsdk/upstream/emscripten/emcc needs -traditional
configure:2542:10: fatal error: 'sgtty.h' file not found
 2542 | #include <sgtty.h>
      |          ^~~~~~~~~
1 error generated.
configure:2557:10: fatal error: 'termio.h' file not found
 2557 | #include <termio.h>
      |          ^~~~~~~~~~
1 error generated.
configure:2569: result: no
configure:2576: checking whether /home/funera1/repo/emsdk/upstream/emscripten/emcc understands -c and -o together
configure:2591: /home/funera1/repo/emsdk/upstream/emscripten/emcc -g -O2  -c conftest.c -o conftest2.o >&5
configure:2594: $? = 0
configure:2596: /home/funera1/repo/emsdk/upstream/emscripten/emcc -g -O2  -c conftest.c -o conftest2.o >&5
configure:2599: $? = 0
configure:2610: result: yes
configure:2627: checking for ldconfig
configure:2644: found /usr/sbin/ldconfig
configure:2655: result: /usr/sbin/ldconfig
configure:2666: checking if you want to ensure bool is consistent with C++
configure:2676: result: yes
configure:2771: checking for C++ compiler version
configure:2774: /home/funera1/repo/emsdk/upstream/emscripten/em++ --version </dev/null >&5
emcc (Emscripten gcc/clang-like replacement + linker emulating GNU ld) 3.1.60 (42a6ea2052f19f70d7d994e8c324bcad2f1f8939)
Copyright (C) 2014 the Emscripten authors (see AUTHORS.txt)
This is free and open source software under the MIT license.
There is NO warranty; not even for MERCHANTABILITY or FITNESS FOR A PARTICULAR PURPOSE.

configure:2777: $? = 0
configure:2779: /home/funera1/repo/emsdk/upstream/emscripten/em++ -v </dev/null >&5
emcc (Emscripten gcc/clang-like replacement + linker emulating GNU ld) 3.1.60 (42a6ea2052f19f70d7d994e8c324bcad2f1f8939)
clang version 19.0.0git (https:/github.com/llvm/llvm-project bc9823cf60bf91cc8b45248c4205cd2c67b2a3d5)
Target: wasm32-unknown-emscripten
Thread model: posix
InstalledDir: /home/funera1/repo/emsdk/upstream/bin
configure:2782: $? = 0
configure:2784: /home/funera1/repo/emsdk/upstream/emscripten/em++ -V </dev/null >&5
em++: error: no input files
configure:2787: $? = 1
configure:2790: checking whether we are using the GNU C++ compiler
configure:2811: /home/funera1/repo/emsdk/upstream/emscripten/em++ -c   conftest.cc >&5
configure:2814: $? = 0
configure:2817: test -s conftest.o
configure:2820: $? = 0
configure:2832: result: yes
configure:2838: checking whether /home/funera1/repo/emsdk/upstream/emscripten/em++ accepts -g
configure:2856: /home/funera1/repo/emsdk/upstream/emscripten/em++ -c -g  conftest.cc >&5
configure:2859: $? = 0
configure:2862: test -s conftest.o
configure:2865: $? = 0
configure:2875: result: yes
configure:2915: /home/funera1/repo/emsdk/upstream/emscripten/em++ -c -g -O2  conftest.cc >&5
configure:2918: $? = 0
configure:2921: test -s conftest.o
configure:2924: $? = 0
configure:2946: /home/funera1/repo/emsdk/upstream/emscripten/em++ -c -g -O2  conftest.cc >&5
configure:2939:1: error: use of undeclared identifier 'exit'
 2939 | exit (42);
      | ^
1 error generated.
configure:2949: $? = 1
configure: failed program was:
#line 2934 "configure"
#include "confdefs.h"

int
main (void)
{
exit (42);
  ;
  return 0;
}
configure:2915: /home/funera1/repo/emsdk/upstream/emscripten/em++ -c -g -O2  conftest.cc >&5
configure:2918: $? = 0
configure:2921: test -s conftest.o
configure:2924: $? = 0
configure:2946: /home/funera1/repo/emsdk/upstream/emscripten/em++ -c -g -O2  conftest.cc >&5
configure:2949: $? = 0
configure:2952: test -s conftest.o
configure:2955: $? = 0
configure:2989: checking if /home/funera1/repo/emsdk/upstream/emscripten/em++ works
configure:3014: /home/funera1/repo/emsdk/upstream/emscripten/em++ -c -g -O2  -I/home/funera1/repo/ncurses-6.1/build/include conftest.cc >&5
configure:3017: $? = 0
configure:3020: test -s conftest.o
configure:3023: $? = 0
configure:3034: result: yes
configure:3101: checking version of /home/funera1/repo/emsdk/upstream/emscripten/em++
configure:3109: result: 3.1.60
configure:3122: checking if you want to build C++ binding and demo
configure:3132: result: yes
configure:3135: checking if you want to build with Ada95
configure:3137: result: yes
configure:3140: checking if you want to install terminal database
configure:3150: result: yes
configure:3153: checking if you want to install manpages
configure:3163: result: yes
configure:3166: checking if you want to build programs such as tic
configure:3176: result: yes
configure:3204: checking if you want to build test-programs
configure:3214: result: yes
configure:3217: checking if you wish to install curses.h
configure:3227: result: yes
configure:3252: checking for mawk
configure:3267: found /usr/bin/mawk
configure:3275: result: mawk
configure:3289: checking for egrep
configure:3299: result: grep -E
configure:3319: checking for a BSD compatible install
configure:3368: result: /usr/bin/install -c
configure:3393: checking for lint
configure:3419: result: no
configure:3393: checking for cppcheck
configure:3408: found /usr/bin/cppcheck
configure:3416: result: cppcheck
configure:3426: checking whether ln -s works
configure:3430: result: yes
configure:3437: checking if ln -s -f options work
configure:3449: result: yes
configure:3454: checking for long file names
configure:3493: result: yes
configure:3522: checking if you want to use pkg-config
configure:3532: result: yes
configure:3584: checking for pkg-config
configure:3601: found /usr/bin/pkg-config
configure:3613: result: /usr/bin/pkg-config
configure:3676: checking for /usr/bin/pkg-config library directory
configure:3731: testing list... ...
configure:3737: testing checking /usr/lib/x86_64-linux-gnu/pkgconfig ...
configure:3742: checking done
configure:3753: result: /usr/lib/x86_64-linux-gnu/pkgconfig
configure:3759: checking if we should install .pc files for /usr/bin/pkg-config
configure:3773: result: no
configure:3846: checking if we should assume mixed-case filenames
configure:3856: result: auto
configure:3860: checking if filesystem supports mixed-case filenames
configure:3887: result: yes
configure:3906: checking whether make sets ${MAKE}
configure:3926: result: yes
configure:3939: checking for exctags
configure:3965: result: no
configure:3939: checking for ctags
configure:3954: found /usr/bin/ctags
configure:3962: result: ctags
configure:3976: checking for exetags
configure:4002: result: no
configure:3976: checking for etags
configure:3991: found /usr/bin/etags
configure:3999: result: etags
configure:4011: checking for ctags
configure:4026: found /usr/bin/ctags
configure:4035: result: yes
configure:4045: checking for etags
configure:4060: found /usr/bin/etags
configure:4069: result: yes
configure:4092: checking for makeflags variable
configure:4126: result: 
configure:4167: checking for ranlib
configure:4191: result: /home/funera1/repo/emsdk/upstream/emscripten/emranlib
configure:4241: checking for ld
configure:4265: result: /home/funera1/repo/emsdk/upstream/emscripten/emcc
configure:4315: checking for ar
configure:4339: result: /home/funera1/repo/emsdk/upstream/emscripten/emar
configure:4389: checking for nm
configure:4413: result: /home/funera1/repo/emsdk/upstream/bin/llvm-nm
configure:4463: checking for ar
configure:4487: result: /home/funera1/repo/emsdk/upstream/emscripten/emar
configure:4499: checking for options to update archives
configure:4525: /home/funera1/repo/emsdk/upstream/emscripten/emcc -c -g -O2  conftest.c >&5
configure:4528: $? = 0
/home/funera1/repo/emsdk/upstream/emscripten/emar  -curvU conftest.a conftest.o
configure:4547: result: -curvU
configure:4558: checking if you have specified an install-prefix
configure:4571: result: 
configure:4728: checking if libtool -version-number should be used
configure:4745: result: yes
configure:4794: checking if you want to build libraries with libtool
configure:4804: result: no
configure:5102: checking if you want to build shared libraries
configure:5112: result: no
configure:5116: checking if you want to build static libraries
configure:5126: result: yes
configure:5130: checking if you want to build debug libraries
configure:5140: result: yes
configure:5144: checking if you want to build profiling libraries
configure:5154: result: no
configure:5179: checking for specified models
configure:5183: result:  normal debug
configure:5188: checking for default model
configure:5191: result: normal
configure:5205: checking if you want to have a library-prefix
configure:5215: result: auto
configure:5243: checking for PATH separator
configure:5250: result: :
configure:5255: checking if you want to build a separate terminfo library
configure:5265: result: no
configure:5268: checking if you want to build a separate tic library
configure:5278: result: no
configure:5284: checking if you want to link with the GPM mouse library
configure:5294: result: maybe
configure:5298: checking for gpm.h
configure:5308: /home/funera1/repo/emsdk/upstream/emscripten/emcc -E  conftest.c
configure:5305:10: fatal error: 'gpm.h' file not found
 5305 | #include <gpm.h>
      |          ^~~~~~~
1 error generated.
configure:5314: $? = 1
configure: failed program was:
#line 5304 "configure"
#include "confdefs.h"
#include <gpm.h>
configure:5333: result: no
configure:5916: checking for default loader flags
configure:5925: result: 
configure:5963: checking for an rpath option
configure:5994: result: -Wl,-rpath,
configure:6072: checking if release/abi version should be used for shared libs
configure:6098: result: auto
configure:6121: checking which /home/funera1/repo/emsdk/upstream/emscripten/emcc option to use
configure:6140: /home/funera1/repo/emsdk/upstream/emscripten/emcc -c -g -O2 -fPIC  conftest.c >&5
configure:6143: $? = 0
configure:6146: test -s conftest.o
configure:6149: $? = 0
configure:6158: result: -fPIC
configure:6601: testing CC_SHARED_OPTS: -fPIC ...
configure:6605: testing MK_SHARED_LIB:  ${CC} ${LDFLAGS} ${CFLAGS} -shared -Wl,-soname,`basename $@ .${REL_VERSION}`.${ABI_VERSION},-stats,-lc -o $@ ...
configure:6841: checking if you want to disable library suffixes
configure:6858: result: no
configure:7122: checking if you wish to append extra suffix to header/library paths
configure:7141: result: 
configure:7145: checking if you wish to install ncurses overwriting curses
configure:7155: result: no
configure:7158: checking if external terminfo-database is used
configure:7168: result: yes
configure:7184: checking which terminfo source-file will be installed
configure:7192: result: ${top_srcdir}/misc/terminfo.src
configure:7195: checking whether to use hashed database instead of directory/tree
configure:7205: result: no
configure:7211: checking for list of fallback descriptions
configure:7221: result: 
configure:7225: checking if you want modern xterm or antique
configure:7239: result: xterm-new
configure:7243: checking if xterm backspace sends BS or DEL
configure:7264: result: BS
configure:7274: checking for list of terminfo directories
configure:7337: result: /home/funera1/repo/ncurses-6.1/build/share/terminfo
configure:7344: checking for default terminfo directory
configure:7389: result: /home/funera1/repo/ncurses-6.1/build/share/terminfo
configure:7400: checking if big-core option selected
configure:7426: /home/funera1/repo/emsdk/upstream/emscripten/emcc -o conftest -g -O2   conftest.c  >&5
cache:INFO: generating system asset: symbol_lists/29b97c80678c380d516f5fdb07a7f5767b384612.json... (this will be cached in "/home/funera1/repo/emsdk/upstream/emscripten/cache/symbol_lists/29b97c80678c380d516f5fdb07a7f5767b384612.json" for subsequent builds)
cache:INFO:  - ok
emcc: warning: running limited binaryen optimizations because DWARF info requested (or indirectly required) [-Wlimited-postlink-optimizations]
configure:7429: $? = 0
configure:7431: ./conftest
configure:7434: $? = 0
configure:7446: result: yes
configure:7456: checking if big-strings option selected
configure:7480: result: yes
configure:7487: checking if you want termcap-fallback support
configure:7497: result: no
configure:7631: checking if ~/.terminfo is wanted
configure:7641: result: yes
configure:7648: checking if you want to use restricted environment when running as root
configure:7658: result: yes
configure:7673: checking for unistd.h
configure:7683: /home/funera1/repo/emsdk/upstream/emscripten/emcc -E  conftest.c
configure:7689: $? = 0
configure:7708: result: yes
configure:7723: checking for remove
configure:7760: /home/funera1/repo/emsdk/upstream/emscripten/emcc -o conftest -g -O2   conftest.c  >&5
emcc: warning: running limited binaryen optimizations because DWARF info requested (or indirectly required) [-Wlimited-postlink-optimizations]
configure:7763: $? = 0
configure:7766: test -s conftest
configure:7769: $? = 0
configure:7779: result: yes
configure:7723: checking for unlink
configure:7760: /home/funera1/repo/emsdk/upstream/emscripten/emcc -o conftest -g -O2   conftest.c  >&5
emcc: warning: running limited binaryen optimizations because DWARF info requested (or indirectly required) [-Wlimited-postlink-optimizations]
configure:7763: $? = 0
configure:7766: test -s conftest
configure:7769: $? = 0
configure:7779: result: yes
configure:7863: checking if link/symlink functions work
configure:7906: /home/funera1/repo/emsdk/upstream/emscripten/emcc -o conftest -g -O2   conftest.c  >&5
emcc: warning: running limited binaryen optimizations because DWARF info requested (or indirectly required) [-Wlimited-postlink-optimizations]
configure:7909: $? = 0
configure:7911: ./conftest
configure:7914: $? = 1
configure: program exited with status 1
configure: failed program was:
#line 7876 "configure"
#include "confdefs.h"

#include <sys/types.h>
#include <sys/stat.h>
#ifdef HAVE_UNISTD_H
#include <unistd.h>
#endif
int main(void)
{
	int fail = 0;
	char *src = "config.log";
	char *dst = "conftest.chk";
	struct stat src_sb;
	struct stat dst_sb;

	stat(src, &src_sb);
	fail = (link("config.log", "conftest.chk") < 0)
	    || (stat(dst, &dst_sb) < 0)
	    || (dst_sb.st_mtime != src_sb.st_mtime);
#ifdef HAVE_UNLINK
	unlink(dst);
#else
	remove(dst);
#endif
	return (fail);
}

configure:7906: /home/funera1/repo/emsdk/upstream/emscripten/emcc -o conftest -g -O2   conftest.c  >&5
emcc: warning: running limited binaryen optimizations because DWARF info requested (or indirectly required) [-Wlimited-postlink-optimizations]
configure:7909: $? = 0
configure:7911: ./conftest
configure:7914: $? = 0
configure:7932: result:  symlink
configure:7952: checking if tic should use symbolic links
configure:7962: result: no
configure:7969: checking if tic should use hard links
configure:7976: result: no
configure:7991: checking if you want broken-linker support code
configure:8001: result: no
configure:8030: checking if tputs should process BSD-style prefix padding
configure:8040: result: no
configure:8097: checking if we must define _GNU_SOURCE
configure:8119: /home/funera1/repo/emsdk/upstream/emscripten/emcc -c -g -O2  conftest.c >&5
configure:8122: $? = 0
configure:8125: test -s conftest.o
configure:8128: $? = 0
configure:8176: result: no
configure:9099: checking if _XOPEN_SOURCE really is set
configure:9117: /home/funera1/repo/emsdk/upstream/emscripten/emcc -c -g -O2  conftest.c >&5
configure:9120: $? = 0
configure:9123: test -s conftest.o
configure:9126: $? = 0
configure:9135: result: yes
configure:9155: /home/funera1/repo/emsdk/upstream/emscripten/emcc -c -g -O2  conftest.c >&5
configure:9158: $? = 0
configure:9161: test -s conftest.o
configure:9164: $? = 0
configure:9389: checking if SIGWINCH is defined
configure:9411: /home/funera1/repo/emsdk/upstream/emscripten/emcc -c -g -O2  conftest.c >&5
In file included from configure:9399:
/home/funera1/repo/emsdk/upstream/emscripten/cache/sysroot/include/sys/signal.h:1:2: warning: redirecting incorrect #include <sys/signal.h> to <signal.h> [-W#warnings]
    1 | #warning redirecting incorrect #include <sys/signal.h> to <signal.h>
      |  ^
1 warning generated.
configure:9414: $? = 0
configure:9417: test -s conftest.o
configure:9420: $? = 0
configure:9468: result: yes
configure:9538: checking for nl_langinfo and CODESET
configure:9556: /home/funera1/repo/emsdk/upstream/emscripten/emcc -o conftest -g -O2   conftest.c  >&5
emcc: warning: running limited binaryen optimizations because DWARF info requested (or indirectly required) [-Wlimited-postlink-optimizations]
configure:9559: $? = 0
configure:9562: test -s conftest
configure:9565: $? = 0
configure:9576: result: yes
configure:9590: checking if you want wide-character code
configure:9600: result: no
configure:10899: checking whether to enable _LP64 definition in curses.h
configure:10909: result: yes
configure:10925: checking for special C compiler options needed for large files
configure:10999: result: no
configure:11005: checking for _FILE_OFFSET_BITS value needed for large files
configure:11033: /home/funera1/repo/emsdk/upstream/emscripten/emcc -c -g -O2  conftest.c >&5
configure:11036: $? = 0
configure:11039: test -s conftest.o
configure:11042: $? = 0
configure:11092: result: no
configure:11102: checking for _LARGE_FILES value needed for large files
configure:11130: /home/funera1/repo/emsdk/upstream/emscripten/emcc -c -g -O2  conftest.c >&5
configure:11133: $? = 0
configure:11136: test -s conftest.o
configure:11139: $? = 0
configure:11189: result: no
configure:11202: checking for _LARGEFILE_SOURCE value needed for large files
configure:11222: /home/funera1/repo/emsdk/upstream/emscripten/emcc -c -g -O2  conftest.c >&5
configure:11215:9: warning: address of function 'fseeko' will always evaluate to 'true' [-Wpointer-bool-conversion]
 11215 | return !fseeko;
       |        ~^~~~~~
configure:11215:9: note: prefix with the address-of operator to silence this warning
 11215 | return !fseeko;
       |         ^
       |         &
1 warning generated.
configure:11225: $? = 0
configure:11228: test -s conftest.o
configure:11231: $? = 0
configure:11273: result: no
configure:11287: checking for fseeko
configure:11305: /home/funera1/repo/emsdk/upstream/emscripten/emcc -o conftest -g -O2   conftest.c  >&5
configure:11298:8: warning: address of function 'fseeko' will always evaluate to 'true' [-Wpointer-bool-conversion]
 11298 | return fseeko && fseeko (stdin, 0, 0);
       |        ^~~~~~ ~~
configure:11298:8: note: prefix with the address-of operator to silence this warning
 11298 | return fseeko && fseeko (stdin, 0, 0);
       |        ^
       |        &
1 warning generated.
emcc: warning: running limited binaryen optimizations because DWARF info requested (or indirectly required) [-Wlimited-postlink-optimizations]
configure:11308: $? = 0
configure:11311: test -s conftest
configure:11314: $? = 0
configure:11324: result: yes
configure:11345: checking whether to use struct dirent64
configure:11374: /home/funera1/repo/emsdk/upstream/emscripten/emcc -c -g -O2  conftest.c >&5
configure:11363:28: error: conflicting types for 'readdir'
 11363 |                 extern struct dirent64 * readdir(DIR *);
       |                                          ^
/home/funera1/repo/emsdk/upstream/emscripten/cache/sysroot/include/dirent.h:27:16: note: previous declaration is here
   27 | struct dirent *readdir(DIR *);
      |                ^
configure:11366:13: error: 'struct dirent64 *' and 'struct dirent *' are not pointers to compatible types
 11366 |                 int z = x - y;
       |                         ~ ^ ~
2 errors generated.
configure:11377: $? = 1
configure: failed program was:
#line 11352 "configure"
#include "confdefs.h"

#pragma GCC diagnostic error "-Wincompatible-pointer-types"
#include <sys/types.h>
#include <dirent.h>

int
main (void)
{

		/* if transitional largefile support is setup, this is true */
		extern struct dirent64 * readdir(DIR *);
		struct dirent64 *x = readdir((DIR *)0);
		struct dirent *y = readdir((DIR *)0);
		int z = x - y;

  ;
  return 0;
}
configure:11394: result: no
configure:11404: checking if you want tparm not to use X/Open fixed-parameter list
configure:11414: result: yes
configure:11438: checking if you want to suppress wattr* macros to help with ncurses5/ncurses6 transition
configure:11454: result: no
configure:11458: checking for X11 rgb file
configure:11530: result: /usr/share/X11/rgb.txt
configure:11544: checking for type of bool
configure:11554: result: auto
configure:11557: checking for alternate terminal capabilities file
configure:11568: result: Caps
configure:11572: checking for type of chtype
configure:11582: result: uint32_t
configure:11586: checking for type of ospeed
configure:11596: result: short
configure:11600: checking for type of mmask_t
configure:11610: result: uint32_t
configure:11614: checking for size CCHARW_MAX
configure:11624: result: 5
configure:11628: checking for type of tparm args
configure:11638: result: intptr_t
configure:11642: checking if RCS identifiers should be compiled-in
configure:11652: result: no
configure:11661: checking format of man-pages
configure:11750: result:  gzip
configure:11757: checking for manpage renaming
configure:11799: result: /home/funera1/repo/ncurses-6.1/man/man_db.renames
configure:11802: checking if manpage aliases will be installed
configure:11813: result: yes
configure:11827: checking if manpage symlinks should be used
configure:11846: result: yes
configure:11850: checking for manpage tbl
configure:11861: result: no
configure:12194: checking if you want to build with function extensions
configure:12204: result: yes
configure:12264: checking if you want to build with SCREEN extensions
configure:12274: result: yes
configure:12293: checking if you want to build with terminal-driver
configure:12303: result: no
configure:12324: checking for extended use of const keyword
configure:12334: result: yes
configure:12342: checking if you want to use extended colors
configure:12352: result: yes
configure:12357: WARNING: This option applies only to wide-character library
configure:12395: checking if you want to use extended mouse encoding
configure:12405: result: yes
configure:12425: checking if you want to use extended putwin/screendump
configure:12435: result: yes
configure:12445: checking if you want $NCURSES_NO_PADDING code
configure:12455: result: yes
configure:12462: checking for ANSI C header files
configure:12476: /home/funera1/repo/emsdk/upstream/emscripten/emcc -E  conftest.c
configure:12482: $? = 0
configure:12569: /home/funera1/repo/emsdk/upstream/emscripten/emcc -o conftest -g -O2   conftest.c  >&5
emcc: warning: running limited binaryen optimizations because DWARF info requested (or indirectly required) [-Wlimited-postlink-optimizations]
configure:12572: $? = 0
configure:12574: ./conftest
configure:12577: $? = 0
configure:12590: result: yes
configure:12606: checking for sys/types.h
configure:12618: /home/funera1/repo/emsdk/upstream/emscripten/emcc -c -g -O2  conftest.c >&5
configure:12621: $? = 0
configure:12624: test -s conftest.o
configure:12627: $? = 0
configure:12637: result: yes
configure:12606: checking for sys/stat.h
configure:12618: /home/funera1/repo/emsdk/upstream/emscripten/emcc -c -g -O2  conftest.c >&5
configure:12621: $? = 0
configure:12624: test -s conftest.o
configure:12627: $? = 0
configure:12637: result: yes
configure:12606: checking for stdlib.h
configure:12618: /home/funera1/repo/emsdk/upstream/emscripten/emcc -c -g -O2  conftest.c >&5
configure:12621: $? = 0
configure:12624: test -s conftest.o
configure:12627: $? = 0
configure:12637: result: yes
configure:12606: checking for string.h
configure:12618: /home/funera1/repo/emsdk/upstream/emscripten/emcc -c -g -O2  conftest.c >&5
configure:12621: $? = 0
configure:12624: test -s conftest.o
configure:12627: $? = 0
configure:12637: result: yes
configure:12606: checking for memory.h
configure:12618: /home/funera1/repo/emsdk/upstream/emscripten/emcc -c -g -O2  conftest.c >&5
configure:12621: $? = 0
configure:12624: test -s conftest.o
configure:12627: $? = 0
configure:12637: result: yes
configure:12606: checking for strings.h
configure:12618: /home/funera1/repo/emsdk/upstream/emscripten/emcc -c -g -O2  conftest.c >&5
configure:12621: $? = 0
configure:12624: test -s conftest.o
configure:12627: $? = 0
configure:12637: result: yes
configure:12606: checking for inttypes.h
configure:12618: /home/funera1/repo/emsdk/upstream/emscripten/emcc -c -g -O2  conftest.c >&5
configure:12621: $? = 0
configure:12624: test -s conftest.o
configure:12627: $? = 0
configure:12637: result: yes
configure:12606: checking for stdint.h
configure:12618: /home/funera1/repo/emsdk/upstream/emscripten/emcc -c -g -O2  conftest.c >&5
configure:12621: $? = 0
configure:12624: test -s conftest.o
configure:12627: $? = 0
configure:12637: result: yes
configure:12606: checking for unistd.h
configure:12637: result: yes
configure:12647: checking for signed char
configure:12668: /home/funera1/repo/emsdk/upstream/emscripten/emcc -c -g -O2  conftest.c >&5
configure:12671: $? = 0
configure:12674: test -s conftest.o
configure:12677: $? = 0
configure:12687: result: yes
configure:12690: checking size of signed char
configure:12854: /home/funera1/repo/emsdk/upstream/emscripten/emcc -o conftest -g -O2   conftest.c  >&5
configure:12879:19: warning: format specifies type 'int' but the argument has type 'unsigned long' [-Wformat]
 12879 | fprintf (f, "%d", (sizeof (signed char)));
       |              ~~   ^~~~~~~~~~~~~~~~~~~~~~
       |              %lu
1 warning generated.
emcc: warning: running limited binaryen optimizations because DWARF info requested (or indirectly required) [-Wlimited-postlink-optimizations]
configure:12857: $? = 0
configure:12859: ./conftest
configure:12862: $? = 0
configure:12878: result: 1
configure:12889: checking if you want to use signed Boolean array in term.h
configure:12899: result: no
configure:12904: checking if you want SIGWINCH handler
configure:12914: result: yes
configure:12922: checking if you want user-definable terminal capabilities like termcap
configure:12932: result: yes
configure:12939: checking if you want to link with the pthread library
configure:12949: result: no
configure:13274: checking if you want reentrant code
configure:13284: result: no
configure:13368: checking if you want opaque curses-library structures
configure:13390: result: no
configure:13399: checking if you want opaque form-library structures
configure:13409: result: no
configure:13412: checking if you want opaque menu-library structures
configure:13422: result: no
configure:13425: checking if you want opaque panel-library structures
configure:13435: result: no
configure:13468: checking if you want all development code
configure:13478: result: no
configure:13482: checking if you want hard-tabs code
configure:13492: result: no
configure:13500: checking if you want limited support for xmc
configure:13510: result: no
configure:13520: checking if you do not want to assume colors are white-on-black
configure:13530: result: yes
configure:13538: checking if you want hashmap scrolling-optimization code
configure:13548: result: yes
configure:13556: checking if you want colorfgbg code
configure:13566: result: no
configure:13574: checking if you want interop bindings
configure:13584: result: yes
configure:13590: checking if you want experimental safe-sprintf code
configure:13600: result: no
configure:13629: checking if you want wgetch-events code
configure:13639: result: no
configure:13650: checking if you want to see long compiling messages
configure:13684: result: yes
configure:13697: checking if you want to install stripped executables
configure:13714: result: yes
configure:13724: checking if install needs to be told about ownership
configure:13735: result: no
configure:13745: checking if you want to see compiler warnings
configure:13753: result: 
configure:14209: checking for /home/funera1/repo/emsdk/upstream/emscripten/emcc __attribute__ directives...
checking for /home/funera1/repo/emsdk/upstream/emscripten/emcc __attribute__((scanf))
configure:14261: /home/funera1/repo/emsdk/upstream/emscripten/emcc -c -g -O2  conftest.c >&5
configure:14264: $? = 0
checking for /home/funera1/repo/emsdk/upstream/emscripten/emcc __attribute__((printf))
configure:14261: /home/funera1/repo/emsdk/upstream/emscripten/emcc -c -g -O2  conftest.c >&5
configure:14264: $? = 0
checking for /home/funera1/repo/emsdk/upstream/emscripten/emcc __attribute__((unused))
configure:14261: /home/funera1/repo/emsdk/upstream/emscripten/emcc -c -g -O2  conftest.c >&5
configure:14264: $? = 0
checking for /home/funera1/repo/emsdk/upstream/emscripten/emcc __attribute__((noreturn))
configure:14261: /home/funera1/repo/emsdk/upstream/emscripten/emcc -c -g -O2  conftest.c >&5
configure:14264: $? = 0
configure:14325: checking if you want to work around bogus compiler/loader warnings
configure:14335: result: no
configure:14607: checking if you want to enable runtime assertions
configure:14617: result: no
configure:14633: checking if you want to use dmalloc for testing
configure:14650: result: no
configure:14865: checking if you want to use dbmalloc for testing
configure:14882: result: no
configure:15097: checking if you want to use valgrind for testing
configure:15114: result: no
configure:15227: checking if you want to perform memory-leak testing
configure:15237: result: no
configure:15289: checking whether to add trace feature to all models
configure:15299: result: no
configure:15413: checking if we want to use GNAT projects
configure:15430: result: yes
configure:15440: checking for gettimeofday
configure:15477: /home/funera1/repo/emsdk/upstream/emscripten/emcc -o conftest -g -O2  -DNDEBUG  conftest.c  >&5
emcc: warning: running limited binaryen optimizations because DWARF info requested (or indirectly required) [-Wlimited-postlink-optimizations]
configure:15480: $? = 0
configure:15483: test -s conftest
configure:15486: $? = 0
configure:15496: result: yes
configure:15583: checking if -lm needed for math functions
configure:15606: /home/funera1/repo/emsdk/upstream/emscripten/emcc -o conftest -g -O2  -DNDEBUG  conftest.c  >&5
emcc: warning: running limited binaryen optimizations because DWARF info requested (or indirectly required) [-Wlimited-postlink-optimizations]
configure:15609: $? = 0
configure:15612: test -s conftest
configure:15615: $? = 0
configure:15625: result: no
configure:15633: checking for ANSI C header files
configure:15761: result: yes
configure:15774: checking for dirent.h that defines DIR
configure:15795: /home/funera1/repo/emsdk/upstream/emscripten/emcc -c -g -O2  -DNDEBUG conftest.c >&5
configure:15798: $? = 0
configure:15801: test -s conftest.o
configure:15804: $? = 0
configure:15814: result: yes
configure:15827: checking for opendir in -ldir
configure:15854: /home/funera1/repo/emsdk/upstream/emscripten/emcc -o conftest -g -O2  -DNDEBUG  conftest.c -ldir   >&5
wasm-ld: error: unable to find library -ldir
emcc: error: '/home/funera1/repo/emsdk/upstream/bin/wasm-ld -o conftest.wasm /tmp/emscripten_temp_nka0qrll/conftest_0.o -ldir -L/home/funera1/repo/emsdk/upstream/emscripten/cache/sysroot/lib/wasm32-emscripten -lGL-getprocaddr -lal -lhtml5 -lstubs -lc -ldlmalloc -lcompiler_rt -lc++-noexcept -lc++abi-noexcept -lsockets -mllvm -combiner-global-alias-analysis=false -mllvm -enable-emscripten-sjlj -mllvm -disable-lsr /tmp/tmp926xl2e8libemscripten_js_symbols.so --export=_emscripten_stack_alloc --export=__get_temp_ret --export=__set_temp_ret --export=__funcs_on_exit --export=__wasm_call_ctors --export=emscripten_stack_get_current --export=_emscripten_stack_restore --export-if-defined=__start_em_asm --export-if-defined=__stop_em_asm --export-if-defined=__start_em_lib_deps --export-if-defined=__stop_em_lib_deps --export-if-defined=__start_em_js --export-if-defined=__stop_em_js --export-if-defined=main --export-if-defined=__main_argc_argv --export-if-defined=fflush --export-table -z stack-size=65536 --no-growable-memory --initial-heap=16777216 --no-entry --table-base=1 --global-base=1024' failed (returned 1)
configure:15857: $? = 1
configure: failed program was:
#line 15835 "configure"
#include "confdefs.h"

/* Override any gcc2 internal prototype to avoid an error.  */
#ifdef __cplusplus
extern "C"
#endif
/* We use char because int might match the return type of a gcc2
   builtin and then its argument prototype would still apply.  */
char opendir ();
int
main (void)
{
opendir ();
  ;
  return 0;
}
configure:15874: result: no
configure:15936: checking whether time.h and sys/time.h may both be included
configure:15958: /home/funera1/repo/emsdk/upstream/emscripten/emcc -c -g -O2  -DNDEBUG conftest.c >&5
configure:15961: $? = 0
configure:15964: test -s conftest.o
configure:15967: $? = 0
configure:15977: result: yes
configure:15996: checking for regcomp
configure:16033: /home/funera1/repo/emsdk/upstream/emscripten/emcc -o conftest -g -O2  -DNDEBUG  conftest.c  >&5
emcc: warning: running limited binaryen optimizations because DWARF info requested (or indirectly required) [-Wlimited-postlink-optimizations]
configure:16036: $? = 0
configure:16039: test -s conftest
configure:16042: $? = 0
configure:16052: result: yes
configure:16278: checking for regular-expression headers
configure:16349: /home/funera1/repo/emsdk/upstream/emscripten/emcc -o conftest -g -O2  -DNDEBUG  conftest.c  >&5
emcc: warning: running limited binaryen optimizations because DWARF info requested (or indirectly required) [-Wlimited-postlink-optimizations]
configure:16352: $? = 0
configure:16355: test -s conftest
configure:16358: $? = 0
configure:16374: result: regex.h
configure:16417: checking for fcntl.h
configure:16427: /home/funera1/repo/emsdk/upstream/emscripten/emcc -E  -DNDEBUG conftest.c
configure:16433: $? = 0
configure:16452: result: yes
configure:16417: checking for getopt.h
configure:16427: /home/funera1/repo/emsdk/upstream/emscripten/emcc -E  -DNDEBUG conftest.c
configure:16433: $? = 0
configure:16452: result: yes
configure:16417: checking for limits.h
configure:16427: /home/funera1/repo/emsdk/upstream/emscripten/emcc -E  -DNDEBUG conftest.c
configure:16433: $? = 0
configure:16452: result: yes
configure:16417: checking for locale.h
configure:16427: /home/funera1/repo/emsdk/upstream/emscripten/emcc -E  -DNDEBUG conftest.c
configure:16433: $? = 0
configure:16452: result: yes
configure:16417: checking for math.h
configure:16427: /home/funera1/repo/emsdk/upstream/emscripten/emcc -E  -DNDEBUG conftest.c
configure:16433: $? = 0
configure:16452: result: yes
configure:16417: checking for poll.h
configure:16427: /home/funera1/repo/emsdk/upstream/emscripten/emcc -E  -DNDEBUG conftest.c
configure:16433: $? = 0
configure:16452: result: yes
configure:16417: checking for sys/bsdtypes.h
configure:16427: /home/funera1/repo/emsdk/upstream/emscripten/emcc -E  -DNDEBUG conftest.c
configure:16424:10: fatal error: 'sys/bsdtypes.h' file not found
 16424 | #include <sys/bsdtypes.h>
       |          ^~~~~~~~~~~~~~~~
1 error generated.
configure:16433: $? = 1
configure: failed program was:
#line 16423 "configure"
#include "confdefs.h"
#include <sys/bsdtypes.h>
configure:16452: result: no
configure:16417: checking for sys/ioctl.h
configure:16427: /home/funera1/repo/emsdk/upstream/emscripten/emcc -E  -DNDEBUG conftest.c
configure:16433: $? = 0
configure:16452: result: yes
configure:16417: checking for sys/param.h
configure:16427: /home/funera1/repo/emsdk/upstream/emscripten/emcc -E  -DNDEBUG conftest.c
configure:16433: $? = 0
configure:16452: result: yes
configure:16417: checking for sys/poll.h
configure:16427: /home/funera1/repo/emsdk/upstream/emscripten/emcc -E  -DNDEBUG conftest.c
In file included from configure:16424:
/home/funera1/repo/emsdk/upstream/emscripten/cache/sysroot/include/sys/poll.h:1:2: warning: redirecting incorrect #include <sys/poll.h> to <poll.h> [-W#warnings]
    1 | #warning redirecting incorrect #include <sys/poll.h> to <poll.h>
      |  ^
1 warning generated.
configure:16433: $? = 0
configure:16452: result: yes
configure:16417: checking for sys/select.h
configure:16427: /home/funera1/repo/emsdk/upstream/emscripten/emcc -E  -DNDEBUG conftest.c
configure:16433: $? = 0
configure:16452: result: yes
configure:16417: checking for sys/time.h
configure:16427: /home/funera1/repo/emsdk/upstream/emscripten/emcc -E  -DNDEBUG conftest.c
configure:16433: $? = 0
configure:16452: result: yes
configure:16417: checking for sys/times.h
configure:16427: /home/funera1/repo/emsdk/upstream/emscripten/emcc -E  -DNDEBUG conftest.c
configure:16433: $? = 0
configure:16452: result: yes
configure:16417: checking for ttyent.h
configure:16427: /home/funera1/repo/emsdk/upstream/emscripten/emcc -E  -DNDEBUG conftest.c
configure:16424:10: fatal error: 'ttyent.h' file not found
 16424 | #include <ttyent.h>
       |          ^~~~~~~~~~
1 error generated.
configure:16433: $? = 1
configure: failed program was:
#line 16423 "configure"
#include "confdefs.h"
#include <ttyent.h>
configure:16452: result: no
configure:16417: checking for unistd.h
configure:16452: result: yes
configure:16417: checking for wctype.h
configure:16427: /home/funera1/repo/emsdk/upstream/emscripten/emcc -E  -DNDEBUG conftest.c
configure:16433: $? = 0
configure:16452: result: yes
configure:16465: checking for unistd.h
configure:16500: result: yes
configure:16465: checking for getopt.h
configure:16500: result: yes
configure:16510: checking for header declaring getopt variables
configure:16533: /home/funera1/repo/emsdk/upstream/emscripten/emcc -c -g -O2  -DNDEBUG conftest.c >&5
configure:16526:9: error: use of undeclared identifier 'optind'
 16526 | int x = optind; char *y = optarg
       |         ^
configure:16526:27: error: use of undeclared identifier 'optarg'
 16526 | int x = optind; char *y = optarg
       |                           ^
2 errors generated.
configure:16536: $? = 1
configure: failed program was:
#line 16520 "configure"
#include "confdefs.h"

#include <stdio.h>
int
main (void)
{
int x = optind; char *y = optarg
  ;
  return 0;
}
configure:16533: /home/funera1/repo/emsdk/upstream/emscripten/emcc -c -g -O2  -DNDEBUG conftest.c >&5
configure:16526:9: error: use of undeclared identifier 'optind'
 16526 | int x = optind; char *y = optarg
       |         ^
configure:16526:27: error: use of undeclared identifier 'optarg'
 16526 | int x = optind; char *y = optarg
       |                           ^
2 errors generated.
configure:16536: $? = 1
configure: failed program was:
#line 16520 "configure"
#include "confdefs.h"

#include <stdlib.h>
int
main (void)
{
int x = optind; char *y = optarg
  ;
  return 0;
}
configure:16533: /home/funera1/repo/emsdk/upstream/emscripten/emcc -c -g -O2  -DNDEBUG conftest.c >&5
configure:16536: $? = 0
configure:16539: test -s conftest.o
configure:16542: $? = 0
configure:16554: result: unistd.h
configure:16696: checking if sys/time.h works with sys/select.h
configure:16723: /home/funera1/repo/emsdk/upstream/emscripten/emcc -c -g -O2  -DNDEBUG conftest.c >&5
configure:16726: $? = 0
configure:16729: test -s conftest.o
configure:16732: $? = 0
configure:16744: result: yes
configure:16759: checking for an ANSI C-conforming const
configure:16823: /home/funera1/repo/emsdk/upstream/emscripten/emcc -c -g -O2  -DNDEBUG conftest.c >&5
configure:16826: $? = 0
configure:16829: test -s conftest.o
configure:16832: $? = 0
configure:16842: result: yes
configure:16852: checking for inline
configure:16869: /home/funera1/repo/emsdk/upstream/emscripten/emcc -c -g -O2  -DNDEBUG conftest.c >&5
configure:16872: $? = 0
configure:16875: test -s conftest.o
configure:16878: $? = 0
configure:16889: result: inline
configure:16915: checking if /home/funera1/repo/emsdk/upstream/emscripten/emcc supports options to tune inlining
configure:16936: /home/funera1/repo/emsdk/upstream/emscripten/emcc -c -g -O2 --param max-inline-insns-single=1200  -DNDEBUG conftest.c >&5
emcc: error: max-inline-insns-single=1200: No such file or directory ("max-inline-insns-single=1200" was expected to be an input file, based on the commandline arguments provided)
configure:16939: $? = 1
configure: failed program was:
#line 16924 "configure"
#include "confdefs.h"
inline int foo(void) { return 1; }
int
main (void)
{
return foo()
  ;
  return 0;
}
configure:16957: result: no
configure:17063: checking for signal global datatype
configure:17098: /home/funera1/repo/emsdk/upstream/emscripten/emcc -c -g -O2  -DNDEBUG conftest.c >&5
configure:17101: $? = 0
configure:17104: test -s conftest.o
configure:17107: $? = 0
configure:17121: result: volatile sig_atomic_t
configure:17210: checking if unsigned literals are legal
configure:17229: /home/funera1/repo/emsdk/upstream/emscripten/emcc -c -g -O2  -DNDEBUG conftest.c >&5
configure:17232: $? = 0
configure:17235: test -s conftest.o
configure:17238: $? = 0
configure:17250: result: yes
configure:17266: checking if external errno is declared
configure:17291: /home/funera1/repo/emsdk/upstream/emscripten/emcc -c -g -O2  -DNDEBUG conftest.c >&5
configure:17294: $? = 0
configure:17297: test -s conftest.o
configure:17300: $? = 0
configure:17311: result: yes
configure:17326: checking if external errno exists
configure:17348: /home/funera1/repo/emsdk/upstream/emscripten/emcc -o conftest -g -O2  -DNDEBUG  conftest.c  >&5
wasm-ld: error: /tmp/emscripten_temp_slwc4o8z/conftest_0.o: undefined symbol: errno
emcc: error: '/home/funera1/repo/emsdk/upstream/bin/wasm-ld -o conftest.wasm -L/home/funera1/repo/emsdk/upstream/emscripten/cache/sysroot/lib/wasm32-emscripten /tmp/emscripten_temp_slwc4o8z/conftest_0.o -lGL-getprocaddr -lal -lhtml5 -lstubs -lc -ldlmalloc -lcompiler_rt -lc++-noexcept -lc++abi-noexcept -lsockets -mllvm -combiner-global-alias-analysis=false -mllvm -enable-emscripten-sjlj -mllvm -disable-lsr /tmp/tmpcwfix8v5libemscripten_js_symbols.so --export=_emscripten_stack_alloc --export=__get_temp_ret --export=__set_temp_ret --export=__funcs_on_exit --export=__wasm_call_ctors --export=emscripten_stack_get_current --export=_emscripten_stack_restore --export-if-defined=__start_em_asm --export-if-defined=__stop_em_asm --export-if-defined=__start_em_lib_deps --export-if-defined=__stop_em_lib_deps --export-if-defined=__start_em_js --export-if-defined=__stop_em_js --export-if-defined=main --export-if-defined=__main_argc_argv --export-if-defined=fflush --export-table -z stack-size=65536 --no-growable-memory --initial-heap=16777216 --no-entry --table-base=1 --global-base=1024' failed (returned 1)
configure:17351: $? = 1
configure: failed program was:
#line 17333 "configure"
#include "confdefs.h"

#undef errno
extern int errno;

int
main (void)
{
errno = 2
  ;
  return 0;
}
configure:17368: result: no
configure:17381: checking if data-only library module links
configure:17392: /home/funera1/repo/emsdk/upstream/emscripten/emcc -c -g -O2  -DNDEBUG conftest.c >&5
configure:17395: $? = 0
configure:17415: /home/funera1/repo/emsdk/upstream/emscripten/emcc -c -g -O2  -DNDEBUG conftest.c >&5
configure:17418: $? = 0
configure:17442: /home/funera1/repo/emsdk/upstream/emscripten/emcc -o conftest -g -O2  -DNDEBUG  conftest.c conftest.a  >&5
emcc: warning: running limited binaryen optimizations because DWARF info requested (or indirectly required) [-Wlimited-postlink-optimizations]
configure:17445: $? = 0
configure:17447: ./conftest
configure:17450: $? = 0
configure:17465: result: yes
configure:17506: checking for getcwd
configure:17543: /home/funera1/repo/emsdk/upstream/emscripten/emcc -o conftest -g -O2  -DNDEBUG  conftest.c  >&5
emcc: warning: running limited binaryen optimizations because DWARF info requested (or indirectly required) [-Wlimited-postlink-optimizations]
configure:17546: $? = 0
configure:17549: test -s conftest
configure:17552: $? = 0
configure:17562: result: yes
configure:17506: checking for getegid
configure:17543: /home/funera1/repo/emsdk/upstream/emscripten/emcc -o conftest -g -O2  -DNDEBUG  conftest.c  >&5
emcc: warning: running limited binaryen optimizations because DWARF info requested (or indirectly required) [-Wlimited-postlink-optimizations]
configure:17546: $? = 0
configure:17549: test -s conftest
configure:17552: $? = 0
configure:17562: result: yes
configure:17506: checking for geteuid
configure:17543: /home/funera1/repo/emsdk/upstream/emscripten/emcc -o conftest -g -O2  -DNDEBUG  conftest.c  >&5
emcc: warning: running limited binaryen optimizations because DWARF info requested (or indirectly required) [-Wlimited-postlink-optimizations]
configure:17546: $? = 0
configure:17549: test -s conftest
configure:17552: $? = 0
configure:17562: result: yes
configure:17506: checking for getopt
configure:17543: /home/funera1/repo/emsdk/upstream/emscripten/emcc -o conftest -g -O2  -DNDEBUG  conftest.c  >&5
emcc: warning: running limited binaryen optimizations because DWARF info requested (or indirectly required) [-Wlimited-postlink-optimizations]
configure:17546: $? = 0
configure:17549: test -s conftest
configure:17552: $? = 0
configure:17562: result: yes
configure:17506: checking for getttynam
configure:17543: /home/funera1/repo/emsdk/upstream/emscripten/emcc -o conftest -g -O2  -DNDEBUG  conftest.c  >&5
wasm-ld: error: /tmp/emscripten_temp_piq7qvo7/conftest_0.o: undefined symbol: getttynam
emcc: error: '/home/funera1/repo/emsdk/upstream/bin/wasm-ld -o conftest.wasm -L/home/funera1/repo/emsdk/upstream/emscripten/cache/sysroot/lib/wasm32-emscripten /tmp/emscripten_temp_piq7qvo7/conftest_0.o -lGL-getprocaddr -lal -lhtml5 -lstubs -lc -ldlmalloc -lcompiler_rt -lc++-noexcept -lc++abi-noexcept -lsockets -mllvm -combiner-global-alias-analysis=false -mllvm -enable-emscripten-sjlj -mllvm -disable-lsr /tmp/tmpr_0i1u2wlibemscripten_js_symbols.so --export=_emscripten_stack_alloc --export=__get_temp_ret --export=__set_temp_ret --export=__funcs_on_exit --export=__wasm_call_ctors --export=emscripten_stack_get_current --export=_emscripten_stack_restore --export-if-defined=__start_em_asm --export-if-defined=__stop_em_asm --export-if-defined=__start_em_lib_deps --export-if-defined=__stop_em_lib_deps --export-if-defined=__start_em_js --export-if-defined=__stop_em_js --export-if-defined=main --export-if-defined=__main_argc_argv --export-if-defined=fflush --export-table -z stack-size=65536 --no-growable-memory --initial-heap=16777216 --no-entry --table-base=1 --global-base=1024' failed (returned 1)
configure:17546: $? = 1
configure: failed program was:
#line 17512 "configure"
#include "confdefs.h"
/* System header to define __stub macros and hopefully few prototypes,
    which can conflict with char getttynam (); below.  */
#include <assert.h>
/* Override any gcc2 internal prototype to avoid an error.  */
#ifdef __cplusplus
extern "C"
#endif
/* We use char because int might match the return type of a gcc2
   builtin and then its argument prototype would still apply.  */
char getttynam ();
char (*f) ();

int
main (void)
{
/* The GNU C library defines this for functions which it implements
    to always fail with ENOSYS.  Some functions are actually named
    something starting with __ and the normal name is an alias.  */
#if defined (__stub_getttynam) || defined (__stub___getttynam)
choke me
#else
f = getttynam; /* workaround for ICC 12.0.3 */ if (f == 0) return 1;
#endif

  ;
  return 0;
}
configure:17562: result: no
configure:17506: checking for issetugid
configure:17543: /home/funera1/repo/emsdk/upstream/emscripten/emcc -o conftest -g -O2  -DNDEBUG  conftest.c  >&5
emcc: warning: running limited binaryen optimizations because DWARF info requested (or indirectly required) [-Wlimited-postlink-optimizations]
configure:17546: $? = 0
configure:17549: test -s conftest
configure:17552: $? = 0
configure:17562: result: yes
configure:17506: checking for poll
configure:17543: /home/funera1/repo/emsdk/upstream/emscripten/emcc -o conftest -g -O2  -DNDEBUG  conftest.c  >&5
emcc: warning: running limited binaryen optimizations because DWARF info requested (or indirectly required) [-Wlimited-postlink-optimizations]
configure:17546: $? = 0
configure:17549: test -s conftest
configure:17552: $? = 0
configure:17562: result: yes
configure:17506: checking for putenv
configure:17543: /home/funera1/repo/emsdk/upstream/emscripten/emcc -o conftest -g -O2  -DNDEBUG  conftest.c  >&5
emcc: warning: running limited binaryen optimizations because DWARF info requested (or indirectly required) [-Wlimited-postlink-optimizations]
configure:17546: $? = 0
configure:17549: test -s conftest
configure:17552: $? = 0
configure:17562: result: yes
configure:17506: checking for remove
configure:17562: result: yes
configure:17506: checking for select
configure:17543: /home/funera1/repo/emsdk/upstream/emscripten/emcc -o conftest -g -O2  -DNDEBUG  conftest.c  >&5
emcc: warning: running limited binaryen optimizations because DWARF info requested (or indirectly required) [-Wlimited-postlink-optimizations]
configure:17546: $? = 0
configure:17549: test -s conftest
configure:17552: $? = 0
configure:17562: result: yes
configure:17506: checking for setbuf
configure:17543: /home/funera1/repo/emsdk/upstream/emscripten/emcc -o conftest -g -O2  -DNDEBUG  conftest.c  >&5
emcc: warning: running limited binaryen optimizations because DWARF info requested (or indirectly required) [-Wlimited-postlink-optimizations]
configure:17546: $? = 0
configure:17549: test -s conftest
configure:17552: $? = 0
configure:17562: result: yes
configure:17506: checking for setbuffer
configure:17543: /home/funera1/repo/emsdk/upstream/emscripten/emcc -o conftest -g -O2  -DNDEBUG  conftest.c  >&5
emcc: warning: running limited binaryen optimizations because DWARF info requested (or indirectly required) [-Wlimited-postlink-optimizations]
configure:17546: $? = 0
configure:17549: test -s conftest
configure:17552: $? = 0
configure:17562: result: yes
configure:17506: checking for setenv
configure:17543: /home/funera1/repo/emsdk/upstream/emscripten/emcc -o conftest -g -O2  -DNDEBUG  conftest.c  >&5
emcc: warning: running limited binaryen optimizations because DWARF info requested (or indirectly required) [-Wlimited-postlink-optimizations]
configure:17546: $? = 0
configure:17549: test -s conftest
configure:17552: $? = 0
configure:17562: result: yes
configure:17506: checking for setvbuf
configure:17543: /home/funera1/repo/emsdk/upstream/emscripten/emcc -o conftest -g -O2  -DNDEBUG  conftest.c  >&5
emcc: warning: running limited binaryen optimizations because DWARF info requested (or indirectly required) [-Wlimited-postlink-optimizations]
configure:17546: $? = 0
configure:17549: test -s conftest
configure:17552: $? = 0
configure:17562: result: yes
configure:17506: checking for sigaction
configure:17543: /home/funera1/repo/emsdk/upstream/emscripten/emcc -o conftest -g -O2  -DNDEBUG  conftest.c  >&5
emcc: warning: running limited binaryen optimizations because DWARF info requested (or indirectly required) [-Wlimited-postlink-optimizations]
configure:17546: $? = 0
configure:17549: test -s conftest
configure:17552: $? = 0
configure:17562: result: yes
configure:17506: checking for sigvec
configure:17543: /home/funera1/repo/emsdk/upstream/emscripten/emcc -o conftest -g -O2  -DNDEBUG  conftest.c  >&5
wasm-ld: error: /tmp/emscripten_temp_o1utj6wc/conftest_0.o: undefined symbol: sigvec
emcc: error: '/home/funera1/repo/emsdk/upstream/bin/wasm-ld -o conftest.wasm -L/home/funera1/repo/emsdk/upstream/emscripten/cache/sysroot/lib/wasm32-emscripten /tmp/emscripten_temp_o1utj6wc/conftest_0.o -lGL-getprocaddr -lal -lhtml5 -lstubs -lc -ldlmalloc -lcompiler_rt -lc++-noexcept -lc++abi-noexcept -lsockets -mllvm -combiner-global-alias-analysis=false -mllvm -enable-emscripten-sjlj -mllvm -disable-lsr /tmp/tmpg8ukjgd1libemscripten_js_symbols.so --export=_emscripten_stack_alloc --export=__get_temp_ret --export=__set_temp_ret --export=__funcs_on_exit --export=__wasm_call_ctors --export=emscripten_stack_get_current --export=_emscripten_stack_restore --export-if-defined=__start_em_asm --export-if-defined=__stop_em_asm --export-if-defined=__start_em_lib_deps --export-if-defined=__stop_em_lib_deps --export-if-defined=__start_em_js --export-if-defined=__stop_em_js --export-if-defined=main --export-if-defined=__main_argc_argv --export-if-defined=fflush --export-table -z stack-size=65536 --no-growable-memory --initial-heap=16777216 --no-entry --table-base=1 --global-base=1024' failed (returned 1)
configure:17546: $? = 1
configure: failed program was:
#line 17512 "configure"
#include "confdefs.h"
/* System header to define __stub macros and hopefully few prototypes,
    which can conflict with char sigvec (); below.  */
#include <assert.h>
/* Override any gcc2 internal prototype to avoid an error.  */
#ifdef __cplusplus
extern "C"
#endif
/* We use char because int might match the return type of a gcc2
   builtin and then its argument prototype would still apply.  */
char sigvec ();
char (*f) ();

int
main (void)
{
/* The GNU C library defines this for functions which it implements
    to always fail with ENOSYS.  Some functions are actually named
    something starting with __ and the normal name is an alias.  */
#if defined (__stub_sigvec) || defined (__stub___sigvec)
choke me
#else
f = sigvec; /* workaround for ICC 12.0.3 */ if (f == 0) return 1;
#endif

  ;
  return 0;
}
configure:17562: result: no
configure:17506: checking for strdup
configure:17543: /home/funera1/repo/emsdk/upstream/emscripten/emcc -o conftest -g -O2  -DNDEBUG  conftest.c  >&5
configure:17522:6: warning: incompatible redeclaration of library function 'strdup' [-Wincompatible-library-redeclaration]
 17522 | char strdup ();
       |      ^
configure:17522:6: note: 'strdup' is a builtin with type 'char *(const char *)'
1 warning generated.
emcc: warning: running limited binaryen optimizations because DWARF info requested (or indirectly required) [-Wlimited-postlink-optimizations]
configure:17546: $? = 0
configure:17549: test -s conftest
configure:17552: $? = 0
configure:17562: result: yes
configure:17506: checking for strstr
configure:17543: /home/funera1/repo/emsdk/upstream/emscripten/emcc -o conftest -g -O2  -DNDEBUG  conftest.c  >&5
configure:17522:6: warning: incompatible redeclaration of library function 'strstr' [-Wincompatible-library-redeclaration]
 17522 | char strstr ();
       |      ^
configure:17522:6: note: 'strstr' is a builtin with type 'char *(const char *, const char *)'
1 warning generated.
emcc: warning: running limited binaryen optimizations because DWARF info requested (or indirectly required) [-Wlimited-postlink-optimizations]
configure:17546: $? = 0
configure:17549: test -s conftest
configure:17552: $? = 0
configure:17562: result: yes
configure:17506: checking for tcgetpgrp
configure:17543: /home/funera1/repo/emsdk/upstream/emscripten/emcc -o conftest -g -O2  -DNDEBUG  conftest.c  >&5
emcc: warning: running limited binaryen optimizations because DWARF info requested (or indirectly required) [-Wlimited-postlink-optimizations]
configure:17546: $? = 0
configure:17549: test -s conftest
configure:17552: $? = 0
configure:17562: result: yes
configure:17506: checking for tdestroy
configure:17543: /home/funera1/repo/emsdk/upstream/emscripten/emcc -o conftest -g -O2  -DNDEBUG  conftest.c  >&5
emcc: warning: running limited binaryen optimizations because DWARF info requested (or indirectly required) [-Wlimited-postlink-optimizations]
configure:17546: $? = 0
configure:17549: test -s conftest
configure:17552: $? = 0
configure:17562: result: yes
configure:17506: checking for times
configure:17543: /home/funera1/repo/emsdk/upstream/emscripten/emcc -o conftest -g -O2  -DNDEBUG  conftest.c  >&5
emcc: warning: running limited binaryen optimizations because DWARF info requested (or indirectly required) [-Wlimited-postlink-optimizations]
configure:17546: $? = 0
configure:17549: test -s conftest
configure:17552: $? = 0
configure:17562: result: yes
configure:17506: checking for tsearch
configure:17543: /home/funera1/repo/emsdk/upstream/emscripten/emcc -o conftest -g -O2  -DNDEBUG  conftest.c  >&5
emcc: warning: running limited binaryen optimizations because DWARF info requested (or indirectly required) [-Wlimited-postlink-optimizations]
configure:17546: $? = 0
configure:17549: test -s conftest
configure:17552: $? = 0
configure:17562: result: yes
configure:17506: checking for vsnprintf
configure:17543: /home/funera1/repo/emsdk/upstream/emscripten/emcc -o conftest -g -O2  -DNDEBUG  conftest.c  >&5
configure:17522:6: warning: incompatible redeclaration of library function 'vsnprintf' [-Wincompatible-library-redeclaration]
 17522 | char vsnprintf ();
       |      ^
configure:17522:6: note: 'vsnprintf' is a builtin with type 'int (char *restrict, unsigned long, const char *restrict, __builtin_va_list)'
1 warning generated.
emcc: warning: running limited binaryen optimizations because DWARF info requested (or indirectly required) [-Wlimited-postlink-optimizations]
configure:17546: $? = 0
configure:17549: test -s conftest
configure:17552: $? = 0
configure:17562: result: yes
configure:17702: checking for isascii
configure:17721: /home/funera1/repo/emsdk/upstream/emscripten/emcc -o conftest -g -O2  -DNDEBUG  conftest.c  >&5
emcc: warning: running limited binaryen optimizations because DWARF info requested (or indirectly required) [-Wlimited-postlink-optimizations]
configure:17724: $? = 0
configure:17727: test -s conftest
configure:17730: $? = 0
configure:17741: result: yes
configure:17749: checking whether sigaction needs _POSIX_SOURCE
configure:17766: /home/funera1/repo/emsdk/upstream/emscripten/emcc -c -g -O2  -DNDEBUG conftest.c >&5
configure:17769: $? = 0
configure:17772: test -s conftest.o
configure:17775: $? = 0
configure:17823: result: no
configure:17827: checking if nanosleep really works
configure:17862: /home/funera1/repo/emsdk/upstream/emscripten/emcc -o conftest -g -O2  -DNDEBUG  conftest.c  >&5
emcc: warning: running limited binaryen optimizations because DWARF info requested (or indirectly required) [-Wlimited-postlink-optimizations]
configure:17865: $? = 0
configure:17867: ./conftest
configure:17870: $? = 0
configure:17882: result: yes
configure:17897: checking for termio.h
configure:17907: /home/funera1/repo/emsdk/upstream/emscripten/emcc -E  -DNDEBUG conftest.c
configure:17904:10: fatal error: 'termio.h' file not found
 17904 | #include <termio.h>
       |          ^~~~~~~~~~
1 error generated.
configure:17913: $? = 1
configure: failed program was:
#line 17903 "configure"
#include "confdefs.h"
#include <termio.h>
configure:17932: result: no
configure:17897: checking for termios.h
configure:17907: /home/funera1/repo/emsdk/upstream/emscripten/emcc -E  -DNDEBUG conftest.c
configure:17913: $? = 0
configure:17932: result: yes
configure:17897: checking for unistd.h
configure:17932: result: yes
configure:18000: checking whether termios.h needs _POSIX_SOURCE
configure:18015: /home/funera1/repo/emsdk/upstream/emscripten/emcc -c -g -O2  -DNDEBUG conftest.c >&5
configure:18018: $? = 0
configure:18021: test -s conftest.o
configure:18024: $? = 0
configure:18071: result: no
configure:18076: checking for tcgetattr
configure:18111: /home/funera1/repo/emsdk/upstream/emscripten/emcc -o conftest -g -O2  -DNDEBUG  conftest.c  >&5
emcc: warning: running limited binaryen optimizations because DWARF info requested (or indirectly required) [-Wlimited-postlink-optimizations]
configure:18114: $? = 0
configure:18117: test -s conftest
configure:18120: $? = 0
configure:18130: result: yes
configure:18137: checking for vsscanf function or workaround
configure:18160: /home/funera1/repo/emsdk/upstream/emscripten/emcc -o conftest -g -O2  -DNDEBUG  conftest.c  >&5
emcc: warning: running limited binaryen optimizations because DWARF info requested (or indirectly required) [-Wlimited-postlink-optimizations]
configure:18163: $? = 0
configure:18166: test -s conftest
configure:18169: $? = 0
configure:18262: result: vsscanf
configure:18288: checking for unistd.h
configure:18323: result: yes
configure:18333: checking for working mkstemp
configure:18385: /home/funera1/repo/emsdk/upstream/emscripten/emcc -o conftest -g -O2  -DNDEBUG  conftest.c  >&5
emcc: warning: running limited binaryen optimizations because DWARF info requested (or indirectly required) [-Wlimited-postlink-optimizations]
configure:18388: $? = 0
configure:18390: ./conftest
configure:18393: $? = 0
configure:18408: result: yes
configure:18491: checking whether setvbuf arguments are reversed
configure:18519: /home/funera1/repo/emsdk/upstream/emscripten/emcc -o conftest -g -O2  -DNDEBUG  conftest.c  >&5
configure:18511:23: error: incompatible integer to pointer conversion passing 'int' to parameter of type 'char *' [-Wint-conversion]
 18511 |   if (setvbuf(stdout, _IOLBF, (char *) main, BUFSIZ) != 0)
       |                       ^~~~~~
/home/funera1/repo/emsdk/upstream/emscripten/cache/sysroot/include/stdio.h:57:16: note: expanded from macro '_IOLBF'
   57 | #define _IOLBF 1
      |                ^
/home/funera1/repo/emsdk/upstream/emscripten/cache/sysroot/include/stdio.h:138:47: note: passing argument to parameter here
  138 | int setvbuf(FILE *__restrict, char *__restrict, int, size_t);
      |                                               ^
configure:18511:31: error: incompatible pointer to integer conversion passing 'char *' to parameter of type 'int' [-Wint-conversion]
 18511 |   if (setvbuf(stdout, _IOLBF, (char *) main, BUFSIZ) != 0)
       |                               ^~~~~~~~~~~~~
/home/funera1/repo/emsdk/upstream/emscripten/cache/sysroot/include/stdio.h:138:52: note: passing argument to parameter here
  138 | int setvbuf(FILE *__restrict, char *__restrict, int, size_t);
      |                                                    ^
2 errors generated.
emcc: error: '/home/funera1/repo/emsdk/upstream/bin/clang -target wasm32-unknown-emscripten -fignore-exceptions -mllvm -combiner-global-alias-analysis=false -mllvm -enable-emscripten-sjlj -mllvm -disable-lsr --sysroot=/home/funera1/repo/emsdk/upstream/emscripten/cache/sysroot -DEMSCRIPTEN -Werror=implicit-function-declaration -Xclang -iwithsysroot/include/fakesdl -Xclang -iwithsysroot/include/compat -g3 -O2 -DNDEBUG conftest.c -c -o /tmp/emscripten_temp_9miyghos/conftest_0.o' failed (returned 1)
configure:18522: $? = 1
configure: program exited with status 1
configure: failed program was:
#line 18502 "configure"
#include "confdefs.h"
#include <stdio.h>
/* If setvbuf has the reversed format, exit 0. */
int
main (void)
{
  /* This call has the arguments reversed.
     A reversed system may check and see that the address of main
     is not _IOLBF, _IONBF, or _IOFBF, and return nonzero.  */
  if (setvbuf(stdout, _IOLBF, (char *) main, BUFSIZ) != 0)
    return(1);
  putc('\r', stdout);
  return(0);			/* Non-reversed systems segv here.  */
}
configure:18540: result: no
configure:18551: checking for intptr_t
configure:18572: /home/funera1/repo/emsdk/upstream/emscripten/emcc -c -g -O2  -DNDEBUG conftest.c >&5
configure:18575: $? = 0
configure:18578: test -s conftest.o
configure:18581: $? = 0
configure:18591: result: yes
configure:18603: checking for ssize_t
configure:18624: /home/funera1/repo/emsdk/upstream/emscripten/emcc -c -g -O2  -DNDEBUG conftest.c >&5
configure:18627: $? = 0
configure:18630: test -s conftest.o
configure:18633: $? = 0
configure:18643: result: yes
configure:18655: checking for type sigaction_t
configure:18675: /home/funera1/repo/emsdk/upstream/emscripten/emcc -c -g -O2  -DNDEBUG conftest.c >&5
configure:18668:1: error: use of undeclared identifier 'sigaction_t'; did you mean 'sigaction'?
 18668 | sigaction_t x
       | ^~~~~~~~~~~
       | sigaction
/home/funera1/repo/emsdk/upstream/emscripten/cache/sysroot/include/signal.h:223:5: note: 'sigaction' declared here
  223 | int sigaction(int, const struct sigaction *__restrict, struct sigaction *__restrict);
      |     ^
configure:18668:1: error: must use 'struct' tag to refer to type 'sigaction'
 18668 | sigaction_t x
       | ^
       | struct 
/home/funera1/repo/emsdk/upstream/emscripten/cache/sysroot/include/signal.h:223:5: note: struct 'sigaction' is hidden by a non-type declaration of 'sigaction' here
  223 | int sigaction(int, const struct sigaction *__restrict, struct sigaction *__restrict);
      |     ^
2 errors generated.
configure:18678: $? = 1
configure: failed program was:
#line 18662 "configure"
#include "confdefs.h"

#include <signal.h>
int
main (void)
{
sigaction_t x
  ;
  return 0;
}
configure:18695: result: no
configure:18702: checking declaration of size-change
configure:18761: /home/funera1/repo/emsdk/upstream/emscripten/emcc -c -g -O2  -DNDEBUG conftest.c >&5
configure:18764: $? = 0
configure:18767: test -s conftest.o
configure:18770: $? = 0
size-change succeeded ()
configure:18789: result: yes
configure:18807: checking for memmove
configure:18844: /home/funera1/repo/emsdk/upstream/emscripten/emcc -o conftest -g -O2  -DNDEBUG  conftest.c  >&5
configure:18823:6: warning: incompatible redeclaration of library function 'memmove' [-Wincompatible-library-redeclaration]
 18823 | char memmove ();
       |      ^
configure:18823:6: note: 'memmove' is a builtin with type 'void *(void *, const void *, unsigned long)'
1 warning generated.
emcc: warning: running limited binaryen optimizations because DWARF info requested (or indirectly required) [-Wlimited-postlink-optimizations]
configure:18847: $? = 0
configure:18850: test -s conftest
configure:18853: $? = 0
configure:18863: result: yes
configure:19067: checking if poll really works
configure:19129: /home/funera1/repo/emsdk/upstream/emscripten/emcc -o conftest -g -O2  -DNDEBUG  conftest.c  >&5
emcc: warning: running limited binaryen optimizations because DWARF info requested (or indirectly required) [-Wlimited-postlink-optimizations]
configure:19132: $? = 0
configure:19134: ./conftest
/home/funera1/repo/ncurses-6.1/conftest:115
      throw ex;
      ^

TypeError: Cannot read properties of undefined (reading 'poll')
    at ___syscall_poll (/home/funera1/repo/ncurses-6.1/conftest:3729:33)
    at conftest.wasm.poll (wasm://wasm/conftest.wasm-0003b0fe:wasm-function[9]:0x2cc)
    at conftest.wasm.__original_main (wasm://wasm/conftest.wasm-0003b0fe:wasm-function[4]:0x1ba)
    at conftest.wasm.main (wasm://wasm/conftest.wasm-0003b0fe:wasm-function[5]:0x213)
    at Module._main (/home/funera1/repo/ncurses-6.1/conftest:3840:90)
    at callMain (/home/funera1/repo/ncurses-6.1/conftest:3871:15)
    at doRun (/home/funera1/repo/ncurses-6.1/conftest:3910:23)
    at run (/home/funera1/repo/ncurses-6.1/conftest:3925:5)
    at runCaller (/home/funera1/repo/ncurses-6.1/conftest:3858:19)
    at removeRunDependency (/home/funera1/repo/ncurses-6.1/conftest:414:7)
configure:19137: $? = 7
configure: program exited with status 7
configure: failed program was:
#line 19077 "configure"
#include "confdefs.h"

#include <stdlib.h>
#include <stdio.h>
#include <unistd.h>
#include <fcntl.h>
#ifdef HAVE_POLL_H
#include <poll.h>
#else
#include <sys/poll.h>
#endif
int main(void) {
	struct pollfd myfds;
	int ret;

	/* check for Darwin bug with respect to "devices" */
	myfds.fd = open("/dev/null", 1);	/* O_WRONLY */
	if (myfds.fd < 0)
		myfds.fd = 0;
	myfds.events = POLLIN;
	myfds.revents = 0;

	ret = poll(&myfds, 1, 100);

	if (ret < 0 || (myfds.revents & POLLNVAL)) {
		ret = -1;
	} else {
		int fd = 0;
		if (!isatty(fd)) {
			fd = open("/dev/tty", 2);	/* O_RDWR */
		}
#ifdef HAVE_POSIX_OPENPT
		if (fd < 0) {
			fd = posix_openpt(O_RDWR);
		}
#endif

		if (fd >= 0) {
			/* also check with standard input */
			myfds.fd = fd;
			myfds.events = POLLIN;
			myfds.revents = 0;
			ret = poll(&myfds, 1, 100);
		} else {
			ret = -1;
		}
	}
	return(ret < 0);
}
configure:19149: result: no
configure:19156: checking for va_copy
configure:19180: /home/funera1/repo/emsdk/upstream/emscripten/emcc -o conftest -g -O2  -DNDEBUG  conftest.c  >&5
emcc: warning: running limited binaryen optimizations because DWARF info requested (or indirectly required) [-Wlimited-postlink-optimizations]
configure:19183: $? = 0
configure:19186: test -s conftest
configure:19189: $? = 0
configure:19199: result: yes
configure:19207: checking for __va_copy
configure:19231: /home/funera1/repo/emsdk/upstream/emscripten/emcc -o conftest -g -O2  -DNDEBUG  conftest.c  >&5
emcc: warning: running limited binaryen optimizations because DWARF info requested (or indirectly required) [-Wlimited-postlink-optimizations]
configure:19234: $? = 0
configure:19237: test -s conftest
configure:19240: $? = 0
configure:19250: result: yes
configure:19258: checking for pid_t
configure:19279: /home/funera1/repo/emsdk/upstream/emscripten/emcc -c -g -O2  -DNDEBUG conftest.c >&5
configure:19282: $? = 0
configure:19285: test -s conftest.o
configure:19288: $? = 0
configure:19298: result: yes
configure:19313: checking for unistd.h
configure:19348: result: yes
configure:19313: checking for vfork.h
configure:19323: /home/funera1/repo/emsdk/upstream/emscripten/emcc -E  -DNDEBUG conftest.c
configure:19320:10: fatal error: 'vfork.h' file not found
 19320 | #include <vfork.h>
       |          ^~~~~~~~~
1 error generated.
configure:19329: $? = 1
configure: failed program was:
#line 19319 "configure"
#include "confdefs.h"
#include <vfork.h>
configure:19348: result: no
configure:19361: checking for fork
configure:19398: /home/funera1/repo/emsdk/upstream/emscripten/emcc -o conftest -g -O2  -DNDEBUG  conftest.c  >&5
emcc: warning: running limited binaryen optimizations because DWARF info requested (or indirectly required) [-Wlimited-postlink-optimizations]
configure:19401: $? = 0
configure:19404: test -s conftest
configure:19407: $? = 0
configure:19417: result: yes
configure:19361: checking for vfork
configure:19398: /home/funera1/repo/emsdk/upstream/emscripten/emcc -o conftest -g -O2  -DNDEBUG  conftest.c  >&5
configure:19377:6: warning: incompatible redeclaration of library function 'vfork' [-Wincompatible-library-redeclaration]
 19377 | char vfork ();
       |      ^
configure:19377:6: note: 'vfork' is a builtin with type 'int (void)'
1 warning generated.
emcc: warning: running limited binaryen optimizations because DWARF info requested (or indirectly required) [-Wlimited-postlink-optimizations]
configure:19401: $? = 0
configure:19404: test -s conftest
configure:19407: $? = 0
configure:19417: result: yes
configure:19429: checking for working fork
configure:19472: result: yes
configure:19491: checking for working vfork
configure:19617: result: yes
configure:19650: checking for openpty in -lutil
configure:19677: /home/funera1/repo/emsdk/upstream/emscripten/emcc -o conftest -g -O2  -DNDEBUG  conftest.c -lutil   >&5
wasm-ld: error: unable to find library -lutil
emcc: error: '/home/funera1/repo/emsdk/upstream/bin/wasm-ld -o conftest.wasm /tmp/emscripten_temp_26pppcrp/conftest_0.o -lutil -L/home/funera1/repo/emsdk/upstream/emscripten/cache/sysroot/lib/wasm32-emscripten -lGL-getprocaddr -lal -lhtml5 -lstubs -lc -ldlmalloc -lcompiler_rt -lc++-noexcept -lc++abi-noexcept -lsockets -mllvm -combiner-global-alias-analysis=false -mllvm -enable-emscripten-sjlj -mllvm -disable-lsr /tmp/tmpcuvl1zmxlibemscripten_js_symbols.so --export=_emscripten_stack_alloc --export=__get_temp_ret --export=__set_temp_ret --export=__funcs_on_exit --export=__wasm_call_ctors --export=emscripten_stack_get_current --export=_emscripten_stack_restore --export-if-defined=__start_em_asm --export-if-defined=__stop_em_asm --export-if-defined=__start_em_lib_deps --export-if-defined=__stop_em_lib_deps --export-if-defined=__start_em_js --export-if-defined=__stop_em_js --export-if-defined=main --export-if-defined=__main_argc_argv --export-if-defined=fflush --export-table -z stack-size=65536 --no-growable-memory --initial-heap=16777216 --no-entry --table-base=1 --global-base=1024' failed (returned 1)
configure:19680: $? = 1
configure: failed program was:
#line 19658 "configure"
#include "confdefs.h"

/* Override any gcc2 internal prototype to avoid an error.  */
#ifdef __cplusplus
extern "C"
#endif
/* We use char because int might match the return type of a gcc2
   builtin and then its argument prototype would still apply.  */
char openpty ();
int
main (void)
{
openpty ();
  ;
  return 0;
}
configure:19697: result: no
configure:19705: checking for openpty header
configure:19749: /home/funera1/repo/emsdk/upstream/emscripten/emcc -o conftest -g -O2  -DNDEBUG  conftest.c  >&5
emcc: warning: running limited binaryen optimizations because DWARF info requested (or indirectly required) [-Wlimited-postlink-optimizations]
configure:19752: $? = 0
configure:19755: test -s conftest
configure:19758: $? = 0
configure:19776: result: pty.h
configure:20412: checking if we should include stdbool.h
configure:20432: /home/funera1/repo/emsdk/upstream/emscripten/emcc -c -O2  -DNDEBUG conftest.c >&5
configure:20425:1: error: use of undeclared identifier 'bool'
 20425 | bool foo = false
       | ^
1 error generated.
configure:20435: $? = 1
configure: failed program was:
#line 20420 "configure"
#include "confdefs.h"

int
main (void)
{
bool foo = false
  ;
  return 0;
}
configure:20464: /home/funera1/repo/emsdk/upstream/emscripten/emcc -c -O2  -DNDEBUG conftest.c >&5
configure:20467: $? = 0
configure:20470: test -s conftest.o
configure:20473: $? = 0
configure:20487: result: yes
configure:20493: checking for builtin bool type
configure:20516: /home/funera1/repo/emsdk/upstream/emscripten/emcc -c -O2  -DNDEBUG conftest.c >&5
configure:20509:1: error: use of undeclared identifier 'bool'
 20509 | bool x = false
       | ^
1 error generated.
configure:20519: $? = 1
configure: failed program was:
#line 20501 "configure"
#include "confdefs.h"

#include <stdio.h>
#include <sys/types.h>

int
main (void)
{
bool x = false
  ;
  return 0;
}
configure:20540: result: no
configure:20557: checking if we already have C++ library
configure:20574: /home/funera1/repo/emsdk/upstream/emscripten/em++ -o conftest -O2  -DNDEBUG  conftest.cc   >&5
cache:INFO: generating system asset: symbol_lists/1ebdb00e89b89e6578a26ec678eaed3899de6109.json... (this will be cached in "/home/funera1/repo/emsdk/upstream/emscripten/cache/symbol_lists/1ebdb00e89b89e6578a26ec678eaed3899de6109.json" for subsequent builds)
cache:INFO:  - ok
configure:20577: $? = 0
configure:20580: test -s conftest
configure:20583: $? = 0
configure:20592: result: yes
configure:20694: checking whether /home/funera1/repo/emsdk/upstream/emscripten/em++ understands -c and -o together
configure:20709: /home/funera1/repo/emsdk/upstream/emscripten/em++ -O2  -DNDEBUG -c conftest.cc -o conftest2.o >&5
configure:20712: $? = 0
configure:20714: /home/funera1/repo/emsdk/upstream/emscripten/em++ -O2  -DNDEBUG -c conftest.cc -o conftest2.o >&5
configure:20717: $? = 0
configure:20728: result: yes
configure:20904: checking how to run the C++ preprocessor
configure:20926: /home/funera1/repo/emsdk/upstream/emscripten/em++ -E  -DNDEBUG conftest.cc
configure:20932: $? = 0
configure:20959: /home/funera1/repo/emsdk/upstream/emscripten/em++ -E  -DNDEBUG conftest.cc
configure:20956:10: fatal error: 'ac_nonexistent.h' file not found
 20956 | #include <ac_nonexistent.h>
       |          ^~~~~~~~~~~~~~~~~~
1 error generated.
configure:20965: $? = 1
configure: failed program was:
#line 20955 "configure"
#include "confdefs.h"
#include <ac_nonexistent.h>
configure:21002: result: /home/funera1/repo/emsdk/upstream/emscripten/em++ -E
configure:21017: /home/funera1/repo/emsdk/upstream/emscripten/em++ -E  -DNDEBUG conftest.cc
configure:21023: $? = 0
configure:21050: /home/funera1/repo/emsdk/upstream/emscripten/em++ -E  -DNDEBUG conftest.cc
configure:21047:10: fatal error: 'ac_nonexistent.h' file not found
 21047 | #include <ac_nonexistent.h>
       |          ^~~~~~~~~~~~~~~~~~
1 error generated.
configure:21056: $? = 1
configure: failed program was:
#line 21046 "configure"
#include "confdefs.h"
#include <ac_nonexistent.h>
configure:21099: checking for typeinfo
configure:21109: /home/funera1/repo/emsdk/upstream/emscripten/em++ -E  -DNDEBUG conftest.cc
configure:21115: $? = 0
configure:21134: result: yes
configure:21147: checking for iostream
configure:21157: /home/funera1/repo/emsdk/upstream/emscripten/em++ -E  -DNDEBUG conftest.cc
configure:21163: $? = 0
configure:21182: result: yes
configure:21193: checking if iostream uses std-namespace
configure:21213: /home/funera1/repo/emsdk/upstream/emscripten/em++ -c -O2  -DNDEBUG conftest.cc >&5
configure:21216: $? = 0
configure:21219: test -s conftest.o
configure:21222: $? = 0
configure:21231: result: yes
configure:21242: checking if we should include stdbool.h
configure:21317: result: yes
configure:21323: checking for builtin bool type
configure:21346: /home/funera1/repo/emsdk/upstream/emscripten/em++ -c -O2  -DNDEBUG conftest.cc >&5
configure:21349: $? = 0
configure:21352: test -s conftest.o
configure:21355: $? = 0
configure:21368: result: yes
configure:21374: checking for size of bool
configure:21427: /home/funera1/repo/emsdk/upstream/emscripten/em++ -o conftest -O2  -DNDEBUG  conftest.cc  >&5
configure:21413:18: warning: result of comparison of constant 0 with expression of type 'bool' is always true [-Wtautological-constant-compare]
 21413 |                 if ((bool)(-x) >= 0)
       |                     ~~~~~~~~~~ ^  ~
1 warning generated.
configure:21430: $? = 0
configure:21432: ./conftest
configure:21435: $? = 0
configure:21453: result: unsigned char
configure:21464: checking for special defines needed for etip.h
configure:21496: /home/funera1/repo/emsdk/upstream/emscripten/em++ -c -O2 -I./c++ -I./menu -Iinclude -I./include  -DNDEBUG conftest.cc >&5
configure:21499: $? = 0
configure:21502: test -s conftest.o
configure:21505: $? = 0
configure:21526: result:  
configure:21531: checking if /home/funera1/repo/emsdk/upstream/emscripten/em++ accepts parameter initialization
configure:21567: /home/funera1/repo/emsdk/upstream/emscripten/em++ -o conftest -O2  -DNDEBUG  conftest.cc  >&5
configure:21558:16: error: redefinition of default argument
 21558 | TEST::TEST(int x = 1)   // some compilers do not like second initializer
       |                ^   ~
configure:21554:11: note: previous definition is here
 21554 |         TEST(int x = 1);
       |                  ^   ~
1 error generated.
em++: error: '/home/funera1/repo/emsdk/upstream/bin/clang++ -target wasm32-unknown-emscripten -fignore-exceptions -mllvm -combiner-global-alias-analysis=false -mllvm -enable-emscripten-sjlj -mllvm -disable-lsr --sysroot=/home/funera1/repo/emsdk/upstream/emscripten/cache/sysroot -DEMSCRIPTEN -Xclang -iwithsysroot/include/fakesdl -Xclang -iwithsysroot/include/compat -O2 -DNDEBUG conftest.cc -c -o /tmp/emscripten_temp_90o24j7j/conftest_0.o' failed (returned 1)
configure:21570: $? = 1
configure: program exited with status 1
configure: failed program was:
#line 21548 "configure"
#include "confdefs.h"

class TEST {
private:
	int value;
public:
	TEST(int x = 1);
	~TEST();
};

TEST::TEST(int x = 1)	// some compilers do not like second initializer
{
	value = x;
}
int main(void) { }

configure:21594: result: no
configure:21604: checking if /home/funera1/repo/emsdk/upstream/emscripten/em++ accepts static_cast
configure:21662: /home/funera1/repo/emsdk/upstream/emscripten/em++ -c -O2  -DNDEBUG conftest.cc >&5
configure:21665: $? = 0
configure:21668: test -s conftest.o
configure:21671: $? = 0
configure:21689: result: yes
configure:21876: checking for gnatmake
configure:21900: result: no
configure:22677: checking for library subsets
configure:22719: result: ticlib+termlib+ext_tinfo+base+ext_funcs
configure:22750: checking default library suffix
configure:22761: result: 
configure:22764: checking default library-dependency suffix
configure:22822: result: .a
configure:22825: checking default object directory
configure:22841: result: objects
configure:22845: checking c++ library-dependency suffix
configure:22913: result: .a
configure:23089: checking if linker supports switching between static/dynamic
configure:23098: /home/funera1/repo/emsdk/upstream/emscripten/em++ -c -O2 -I. -I../include  -DNDEBUG conftest.cc >&5
configure:23101: $? = 0
configure:23130: /home/funera1/repo/emsdk/upstream/emscripten/em++ -o conftest -O2 -I. -I../include  -DNDEBUG  conftest.cc -static -L/home/funera1/repo/ncurses-6.1 -lconftest   >&5
configure:23133: $? = 0
configure:23136: test -s conftest
configure:23139: $? = 0
configure:23162: result: yes
configure:23178: checking where we will install curses.h
configure:23188: result: ${prefix}/include/ncurses
configure:23214: checking for src modules
configure:23279: result: ncurses progs panel menu form
configure:23516: checking for tic
configure:23533: found /usr/bin/tic
configure:23545: result: /usr/bin/tic
configure:23603: checking for defines to add to ncurses6-config script
configure:23619: result: 
configure:23786: creating ./config.status

## ----------------------- ##
## Running config.status.  ##
## ----------------------- ##

This file was extended by config.status 2.52.20170501, executed with
  CONFIG_FILES    = 
  CONFIG_HEADERS  = 
  CONFIG_LINKS    = 
  CONFIG_COMMANDS = 
  > ./config.status 
on pop-os

config.status:24589: creating include/MKterm.h.awk
config.status:24589: creating include/curses.head
config.status:24589: creating include/ncurses_dll.h
config.status:24589: creating include/termcap.h
config.status:24589: creating include/unctrl.h
config.status:24589: creating man/Makefile
config.status:24589: creating include/Makefile
config.status:24589: creating ncurses/Makefile
config.status:24589: creating progs/Makefile
config.status:24589: creating panel/Makefile
config.status:24589: creating menu/Makefile
config.status:24589: creating form/Makefile
config.status:24589: creating test/Makefile
config.status:24589: creating misc/Makefile
config.status:24589: creating c++/Makefile
config.status:24589: creating misc/run_tic.sh
config.status:24589: creating misc/ncurses-config
config.status:24589: creating man/ncurses6-config.1
config.status:24589: creating Makefile
config.status:24742: creating include/ncurses_cfg.h

## ----------------- ##
## Cache variables.  ##
## ----------------- ##

ac_cv_build='x86_64-pc-linux-gnu'
ac_cv_build_alias='x86_64-pc-linux-gnu'
ac_cv_c_compiler_gnu='yes'
ac_cv_c_const='yes'
ac_cv_c_inline='inline'
ac_cv_cxx_compiler_gnu='yes'
ac_cv_env_CC_set='set'
ac_cv_env_CC_value='/home/funera1/repo/emsdk/upstream/emscripten/emcc'
ac_cv_env_CFLAGS_set=''
ac_cv_env_CFLAGS_value=''
ac_cv_env_CPPFLAGS_set=''
ac_cv_env_CPPFLAGS_value=''
ac_cv_env_CPP_set=''
ac_cv_env_CPP_value=''
ac_cv_env_CXXCPP_set=''
ac_cv_env_CXXCPP_value=''
ac_cv_env_CXXFLAGS_set=''
ac_cv_env_CXXFLAGS_value=''
ac_cv_env_CXX_set='set'
ac_cv_env_CXX_value='/home/funera1/repo/emsdk/upstream/emscripten/em++'
ac_cv_env_LDFLAGS_set=''
ac_cv_env_LDFLAGS_value=''
ac_cv_env_build_alias_set=''
ac_cv_env_build_alias_value=''
ac_cv_env_host_alias_set=''
ac_cv_env_host_alias_value=''
ac_cv_env_target_alias_set=''
ac_cv_env_target_alias_value=''
ac_cv_func_fork='yes'
ac_cv_func_fork_works='yes'
ac_cv_func_fseeko='yes'
ac_cv_func_getcwd='yes'
ac_cv_func_getegid='yes'
ac_cv_func_geteuid='yes'
ac_cv_func_getopt='yes'
ac_cv_func_gettimeofday='yes'
ac_cv_func_getttynam='no'
ac_cv_func_issetugid='yes'
ac_cv_func_link='no'
ac_cv_func_memmove='yes'
ac_cv_func_poll='yes'
ac_cv_func_putenv='yes'
ac_cv_func_regcomp='yes'
ac_cv_func_remove='yes'
ac_cv_func_select='yes'
ac_cv_func_setbuf='yes'
ac_cv_func_setbuffer='yes'
ac_cv_func_setenv='yes'
ac_cv_func_setvbuf='yes'
ac_cv_func_setvbuf_reversed='no'
ac_cv_func_sigaction='yes'
ac_cv_func_sigvec='no'
ac_cv_func_strdup='yes'
ac_cv_func_strstr='yes'
ac_cv_func_symlink='yes'
ac_cv_func_tcgetpgrp='yes'
ac_cv_func_tdestroy='yes'
ac_cv_func_times='yes'
ac_cv_func_tsearch='yes'
ac_cv_func_unlink='yes'
ac_cv_func_vfork='yes'
ac_cv_func_vfork_works='yes'
ac_cv_func_vsnprintf='yes'
ac_cv_header_dirent_dirent_h='yes'
ac_cv_header_fcntl_h='yes'
ac_cv_header_getopt_h='yes'
ac_cv_header_gpm_h='no'
ac_cv_header_inttypes_h='yes'
ac_cv_header_iostream='yes'
ac_cv_header_limits_h='yes'
ac_cv_header_locale_h='yes'
ac_cv_header_math_h='yes'
ac_cv_header_memory_h='yes'
ac_cv_header_poll_h='yes'
ac_cv_header_stdc='yes'
ac_cv_header_stdint_h='yes'
ac_cv_header_stdlib_h='yes'
ac_cv_header_string_h='yes'
ac_cv_header_strings_h='yes'
ac_cv_header_sys_bsdtypes_h='no'
ac_cv_header_sys_ioctl_h='yes'
ac_cv_header_sys_param_h='yes'
ac_cv_header_sys_poll_h='yes'
ac_cv_header_sys_select_h='yes'
ac_cv_header_sys_stat_h='yes'
ac_cv_header_sys_time_h='yes'
ac_cv_header_sys_times_h='yes'
ac_cv_header_sys_types_h='yes'
ac_cv_header_termio_h='no'
ac_cv_header_termios_h='yes'
ac_cv_header_time='yes'
ac_cv_header_ttyent_h='no'
ac_cv_header_typeinfo='yes'
ac_cv_header_unistd_h='yes'
ac_cv_header_vfork_h='no'
ac_cv_header_wctype_h='yes'
ac_cv_host='x86_64-pc-linux-gnu'
ac_cv_host_alias='x86_64-pc-linux-gnu'
ac_cv_lib_dir_opendir='no'
ac_cv_lib_util_openpty='no'
ac_cv_objext='o'
ac_cv_path_LDCONFIG='/usr/sbin/ldconfig'
ac_cv_path_TIC_PATH='/usr/bin/tic'
ac_cv_path_ac_pt_PKG_CONFIG='/usr/bin/pkg-config'
ac_cv_path_install='/usr/bin/install -c'
ac_cv_prog_AWK='mawk'
ac_cv_prog_CPP='/home/funera1/repo/emsdk/upstream/emscripten/emcc -E'
ac_cv_prog_CTAGS='ctags'
ac_cv_prog_CXXCPP='/home/funera1/repo/emsdk/upstream/emscripten/em++ -E'
ac_cv_prog_ETAGS='etags'
ac_cv_prog_LINT='cppcheck'
ac_cv_prog_MAKE_LOWER_TAGS='yes'
ac_cv_prog_MAKE_UPPER_TAGS='yes'
ac_cv_prog_ac_ct_AR='/home/funera1/repo/emsdk/upstream/emscripten/emar'
ac_cv_prog_ac_ct_LD='/home/funera1/repo/emsdk/upstream/emscripten/emcc'
ac_cv_prog_ac_ct_NM='/home/funera1/repo/emsdk/upstream/bin/llvm-nm'
ac_cv_prog_ac_ct_RANLIB='/home/funera1/repo/emsdk/upstream/emscripten/emranlib'
ac_cv_prog_cc_g='yes'
ac_cv_prog_cc_stdc=''
ac_cv_prog_cxx_g='yes'
ac_cv_prog_egrep='grep -E'
ac_cv_prog_gcc_traditional='no'
ac_cv_prog_gnatmake_exists='no'
ac_cv_prog_make_make_set='yes'
ac_cv_sizeof_signed_char='1'
ac_cv_sys_file_offset_bits='no'
ac_cv_sys_large_files='no'
ac_cv_sys_largefile_CC='no'
ac_cv_sys_largefile_source='no'
ac_cv_sys_long_file_names='yes'
ac_cv_target='x86_64-pc-linux-gnu'
ac_cv_target_alias='x86_64-pc-linux-gnu'
ac_cv_type_intptr_t='yes'
ac_cv_type_pid_t='yes'
ac_cv_type_signed_char='yes'
ac_cv_type_ssize_t='yes'
am_cv_langinfo_codeset='yes'
cf_cv_1UL='1U'
cf_cv_abi_version='6'
cf_cv_ar_flags='-curvU'
cf_cv_builtin_bool='1'
cf_cv_cc_bool_type='0'
cf_cv_cpp_param_init='no'
cf_cv_cpp_static_cast='yes'
cf_cv_dcl_errno='yes'
cf_cv_define_sigwinch='yes'
cf_cv_do_symlinks='yes'
cf_cv_enable_lp64='1'
cf_cv_enable_opaque='NCURSES_OPAQUE'
cf_cv_enable_reentrant='0'
cf_cv_func_mkstemp='yes'
cf_cv_func_nanosleep='yes'
cf_cv_func_openpty='pty.h'
cf_cv_func_vsscanf='vsscanf'
cf_cv_gcc_inline='no'
cf_cv_getopt_header='unistd.h'
cf_cv_gnu_source='no'
cf_cv_have___va_copy='yes'
cf_cv_have_errno='no'
cf_cv_have_isascii='yes'
cf_cv_have_tcgetattr='yes'
cf_cv_have_va_copy='yes'
cf_cv_header_stdbool_h='1'
cf_cv_lib_util='no'
cf_cv_link_dataonly='yes'
cf_cv_link_funcs=' symlink'
cf_cv_makeflags=''
cf_cv_mixedcase='yes'
cf_cv_need_libm='no'
cf_cv_prog_CC_c_o='yes'
cf_cv_prog_CXX_c_o='yes'
cf_cv_prog_gnat_correct='no'
cf_cv_regex_hdrs='regex.h'
cf_cv_rel_version='6.1'
cf_cv_rm_so_locs='no'
cf_cv_shared_soname='`basename $@ .${REL_VERSION}`.${ABI_VERSION}'
cf_cv_shlib_version='rel'
cf_cv_shlib_version_infix='no'
cf_cv_sig_atomic_t='volatile sig_atomic_t'
cf_cv_sizechange='yes'
cf_cv_src_modules='ncurses progs panel menu form'
cf_cv_struct_dirent64='no'
cf_cv_sys_time_select='yes'
cf_cv_system_name='linux-gnu'
cf_cv_timestamp='Wed May 22 13:18:27 JST 2024'
cf_cv_type_of_bool='unsigned char'
cf_cv_type_sigaction='no'
cf_cv_typeof_chtype='uint32_t'
cf_cv_typeof_mmask_t='uint32_t'
cf_cv_unsigned_literals='yes'
cf_cv_working_poll='no'

## ------------ ##
## confdefs.h.  ##
## ------------ ##

#define PACKAGE "ncurses"
#define NCURSES_VERSION "6.0"
#define NCURSES_PATCHDATE 20180127
#define SYSTEM_NAME "linux-gnu"
#ifdef __cplusplus
#include <stdlib.h>
#endif
#define HAVE_LONG_FILE_NAMES 1
#define MIXEDCASE_FILENAMES 1
#define TERMINFO_DIRS "/home/funera1/repo/ncurses-6.1/build/share/terminfo"
#define TERMINFO "/home/funera1/repo/ncurses-6.1/build/share/terminfo"
#define HAVE_BIG_CORE 1
#define PURE_TERMINFO 1
#define USE_HOME_TERMINFO 1
#define USE_ROOT_ENVIRON 1
#define HAVE_UNISTD_H 1
#define HAVE_REMOVE 1
#define HAVE_UNLINK 1
#define HAVE_SYMLINK 1
#define HAVE_LANGINFO_CODESET 1
#define HAVE_FSEEKO 1
#define RGB_PATH "/usr/share/X11/rgb.txt"
#define NCURSES_EXT_FUNCS 1
#define HAVE_ASSUME_DEFAULT_COLORS 1
#define HAVE_CURSES_VERSION 1
#define HAVE_HAS_KEY 1
#define HAVE_RESIZETERM 1
#define HAVE_RESIZE_TERM 1
#define HAVE_TERM_ENTRY_H 1
#define HAVE_USE_DEFAULT_COLORS 1
#define HAVE_USE_EXTENDED_NAMES 1
#define HAVE_USE_SCREEN 1
#define HAVE_USE_WINDOW 1
#define HAVE_WRESIZE 1
#define NCURSES_SP_FUNCS 1
#define HAVE_TPUTS_SP 1
#define NCURSES_EXT_PUTWIN 1
#define NCURSES_NO_PADDING 1
#define STDC_HEADERS 1
#define HAVE_SYS_TYPES_H 1
#define HAVE_SYS_STAT_H 1
#define HAVE_STDLIB_H 1
#define HAVE_STRING_H 1
#define HAVE_MEMORY_H 1
#define HAVE_STRINGS_H 1
#define HAVE_INTTYPES_H 1
#define HAVE_STDINT_H 1
#define HAVE_UNISTD_H 1
#define SIZEOF_SIGNED_CHAR 1
#define USE_SIGWINCH 1
#define NCURSES_WRAP_PREFIX "_nc_"
#define USE_ASSUMED_COLOR 1
#define USE_HASHMAP 1
#define GCC_SCANF 1
#define GCC_SCANF 1
#define GCC_SCANFLIKE(fmt,var) __attribute__((format(scanf,fmt,var)))
#define GCC_PRINTF 1
#define GCC_PRINTF 1
#define GCC_PRINTFLIKE(fmt,var) __attribute__((format(printf,fmt,var)))
#define GCC_UNUSED __attribute__((unused))
#define GCC_UNUSED __attribute__((unused))
#define GCC_NORETURN __attribute__((noreturn))
#define GCC_NORETURN __attribute__((noreturn))
#define HAVE_NC_ALLOC_H 1
#define HAVE_GETTIMEOFDAY 1
#define STDC_HEADERS 1
#define HAVE_DIRENT_H 1
#define TIME_WITH_SYS_TIME 1
#define HAVE_REGEX_H_FUNCS 1
#define HAVE_FCNTL_H 1
#define HAVE_GETOPT_H 1
#define HAVE_LIMITS_H 1
#define HAVE_LOCALE_H 1
#define HAVE_MATH_H 1
#define HAVE_POLL_H 1
#define HAVE_SYS_IOCTL_H 1
#define HAVE_SYS_PARAM_H 1
#define HAVE_SYS_POLL_H 1
#define HAVE_SYS_SELECT_H 1
#define HAVE_SYS_TIME_H 1
#define HAVE_SYS_TIMES_H 1
#define HAVE_UNISTD_H 1
#define HAVE_WCTYPE_H 1
#define HAVE_UNISTD_H 1
#define HAVE_GETOPT_H 1
#define HAVE_GETOPT_HEADER 1
#define HAVE_SYS_TIME_SELECT 1
#define SIG_ATOMIC_T volatile sig_atomic_t
#define HAVE_GETCWD 1
#define HAVE_GETEGID 1
#define HAVE_GETEUID 1
#define HAVE_GETOPT 1
#define HAVE_ISSETUGID 1
#define HAVE_POLL 1
#define HAVE_PUTENV 1
#define HAVE_REMOVE 1
#define HAVE_SELECT 1
#define HAVE_SETBUF 1
#define HAVE_SETBUFFER 1
#define HAVE_SETENV 1
#define HAVE_SETVBUF 1
#define HAVE_SIGACTION 1
#define HAVE_STRDUP 1
#define HAVE_STRSTR 1
#define HAVE_TCGETPGRP 1
#define HAVE_TDESTROY 1
#define HAVE_TIMES 1
#define HAVE_TSEARCH 1
#define HAVE_VSNPRINTF 1
#define HAVE_ISASCII 1
#define HAVE_NANOSLEEP 1
#define HAVE_TERMIOS_H 1
#define HAVE_UNISTD_H 1
#define HAVE_TCGETATTR 1
#define HAVE_VSSCANF 1
#define HAVE_UNISTD_H 1
#define HAVE_MKSTEMP 1
#define HAVE_SIZECHANGE 1
#define HAVE_VA_COPY 1
#define HAVE___VA_COPY 1
#define HAVE_UNISTD_H 1
#define HAVE_FORK 1
#define HAVE_VFORK 1
#define HAVE_WORKING_VFORK 1
#define HAVE_WORKING_FORK 1
#define USE_OPENPTY_HEADER <pty.h>
#define USE_XTERM_PTY 1
#define HAVE_TYPEINFO 1
#define HAVE_IOSTREAM 1
#define IOSTREAM_NAMESPACE 1
#define CPP_HAS_STATIC_CAST 1
#define HAVE_SLK_COLOR 1
#define HAVE_PANEL_H 1
#define HAVE_LIBPANEL 1
#define HAVE_MENU_H 1
#define HAVE_LIBMENU 1
#define HAVE_FORM_H 1
#define HAVE_LIBFORM 1
#define NCURSES_PATHSEP ':'
#define NCURSES_VERSION_STRING "6.1.20180127"
#define NCURSES_OSPEED_COMPAT 1
#define HAVE_CURSES_DATA_BOOLNAMES 1


configure: exit 0
